{"/Users/macbookpro/Documents/NodeApps/YourGallery/backend/src/server.ts": {"path":"/Users/macbookpro/Documents/NodeApps/YourGallery/backend/src/server.ts","statementMap":{"0":{"start":{"line":1,"column":0},"end":{"line":1,"column":26}},"1":{"start":{"line":2,"column":0},"end":{"line":2,"column":64}},"2":{"start":{"line":4,"column":0},"end":{"line":4,"column":36}},"3":{"start":{"line":5,"column":0},"end":{"line":5,"column":33}},"4":{"start":{"line":6,"column":0},"end":{"line":6,"column":29}},"5":{"start":{"line":7,"column":0},"end":{"line":7,"column":33}},"6":{"start":{"line":8,"column":0},"end":{"line":8,"column":59}},"7":{"start":{"line":9,"column":4},"end":{"line":9,"column":99}},"8":{"start":{"line":10,"column":0},"end":{"line":10,"column":24}},"9":{"start":{"line":15,"column":0},"end":{"line":15,"column":null}},"10":{"start":{"line":20,"column":4},"end":{"line":20,"column":null}},"11":{"start":{"line":60,"column":11},"end":{"line":63,"column":null}},"12":{"start":{"line":62,"column":6},"end":{"line":62,"column":22}},"13":{"start":{"line":23,"column":12},"end":{"line":23,"column":33}},"14":{"start":{"line":24,"column":12},"end":{"line":24,"column":33}},"15":{"start":{"line":28,"column":11},"end":{"line":43,"column":null}},"16":{"start":{"line":30,"column":8},"end":{"line":30,"column":54}},"17":{"start":{"line":31,"column":8},"end":{"line":31,"column":37}},"18":{"start":{"line":32,"column":8},"end":{"line":32,"column":58}},"19":{"start":{"line":33,"column":8},"end":{"line":33,"column":37}},"20":{"start":{"line":34,"column":8},"end":{"line":34,"column":39}},"21":{"start":{"line":35,"column":8},"end":{"line":39,"column":13}},"22":{"start":{"line":36,"column":12},"end":{"line":38,"column":null}},"23":{"start":{"line":37,"column":14},"end":{"line":37,"column":92}},"24":{"start":{"line":40,"column":8},"end":{"line":40,"column":92}},"25":{"start":{"line":41,"column":8},"end":{"line":41,"column":34}},"26":{"start":{"line":47,"column":11},"end":{"line":57,"column":null}},"27":{"start":{"line":47,"column":4},"end":{"line":47,"column":11}},"28":{"start":{"line":49,"column":10},"end":{"line":55,"column":null}},"29":{"start":{"line":51,"column":12},"end":{"line":54,"column":null}},"30":{"start":{"line":53,"column":16},"end":{"line":53,"column":73}},"31":{"start":{"line":66,"column":0},"end":{"line":66,"column":null}},"32":{"start":{"line":68,"column":0},"end":{"line":68,"column":16}},"33":{"start":{"line":69,"column":0},"end":{"line":72,"column":3}},"34":{"start":{"line":70,"column":17},"end":{"line":70,"column":29}},"35":{"start":{"line":71,"column":2},"end":{"line":71,"column":25}}},"fnMap":{"0":{"name":"(anonymous_7)","decl":{"start":{"line":15,"column":0},"end":{"line":15,"column":null}},"loc":{"start":{"line":15,"column":0},"end":{"line":66,"column":null}}},"1":{"name":"Server","decl":{"start":{"line":20,"column":4},"end":{"line":20,"column":null}},"loc":{"start":{"line":20,"column":4},"end":{"line":25,"column":5}}},"2":{"name":"(anonymous_9)","decl":{"start":{"line":60,"column":25},"end":{"line":60,"column":null}},"loc":{"start":{"line":60,"column":25},"end":{"line":63,"column":5}}},"3":{"name":"(anonymous_10)","decl":{"start":{"line":28,"column":4},"end":{"line":28,"column":11}},"loc":{"start":{"line":28,"column":4},"end":{"line":43,"column":5}}},"4":{"name":"(anonymous_11)","decl":{"start":{"line":35,"column":21},"end":{"line":35,"column":22}},"loc":{"start":{"line":35,"column":77},"end":{"line":39,"column":11}}},"5":{"name":"(anonymous_12)","decl":{"start":{"line":47,"column":4},"end":{"line":47,"column":11}},"loc":{"start":{"line":47,"column":4},"end":{"line":57,"column":5}}},"6":{"name":"(anonymous_13)","decl":{"start":{"line":51,"column":50},"end":{"line":51,"column":null}},"loc":{"start":{"line":51,"column":50},"end":{"line":54,"column":13}}},"7":{"name":"(anonymous_14)","decl":{"start":{"line":69,"column":18},"end":{"line":69,"column":null}},"loc":{"start":{"line":69,"column":18},"end":{"line":72,"column":1}}}},"branchMap":{"0":{"loc":{"start":{"line":30,"column":28},"end":{"line":30,"column":44}},"type":"binary-expr","locations":[{"start":{"line":30,"column":28},"end":{"line":30,"column":44}},{"start":{"line":30,"column":48},"end":{"line":30,"column":52}}]},"1":{"loc":{"start":{"line":36,"column":12},"end":{"line":38,"column":null}},"type":"if","locations":[{"start":{"line":36,"column":12},"end":{"line":38,"column":null}},{"start":{"line":36,"column":12},"end":{"line":38,"column":null}}]},"2":{"loc":{"start":{"line":49,"column":10},"end":{"line":55,"column":null}},"type":"if","locations":[{"start":{"line":49,"column":10},"end":{"line":55,"column":null}},{"start":{"line":49,"column":10},"end":{"line":55,"column":null}}]}},"s":{"0":2,"1":2,"2":2,"3":2,"4":2,"5":2,"6":2,"7":2,"8":2,"9":2,"10":4,"11":4,"12":2,"13":4,"14":4,"15":2,"16":4,"17":4,"18":4,"19":4,"20":4,"21":4,"22":0,"23":0,"24":4,"25":4,"26":2,"27":2,"28":2,"29":0,"30":0,"31":2,"32":2,"33":2,"34":2,"35":2},"f":{"0":2,"1":4,"2":2,"3":4,"4":0,"5":2,"6":0,"7":2},"b":{"0":[4,0],"1":[0,0],"2":[0,2]}}
,"/Users/macbookpro/Documents/NodeApps/YourGallery/backend/src/__test__/database/databaseConnection.ts": {"path":"/Users/macbookpro/Documents/NodeApps/YourGallery/backend/src/__test__/database/databaseConnection.ts","statementMap":{"0":{"start":{"line":1,"column":0},"end":{"line":1,"column":55}},"1":{"start":{"line":6,"column":14},"end":{"line":17,"column":13}}},"fnMap":{},"branchMap":{},"s":{"0":2,"1":2},"f":{},"b":{}}
,"/Users/macbookpro/Documents/NodeApps/YourGallery/backend/src/controllers/AuthController.ts": {"path":"/Users/macbookpro/Documents/NodeApps/YourGallery/backend/src/controllers/AuthController.ts","statementMap":{"0":{"start":{"line":1,"column":0},"end":{"line":1,"column":25}},"1":{"start":{"line":4,"column":0},"end":{"line":4,"column":67}},"2":{"start":{"line":5,"column":0},"end":{"line":5,"column":35}},"3":{"start":{"line":6,"column":0},"end":{"line":6,"column":87}},"4":{"start":{"line":9,"column":0},"end":{"line":9,"column":82}},"5":{"start":{"line":11,"column":0},"end":{"line":11,"column":58}},"6":{"start":{"line":13,"column":0},"end":{"line":13,"column":54}},"7":{"start":{"line":14,"column":0},"end":{"line":14,"column":50}},"8":{"start":{"line":21,"column":0},"end":{"line":21,"column":13}},"9":{"start":{"line":27,"column":2},"end":{"line":27,"column":14}},"10":{"start":{"line":33,"column":9},"end":{"line":68,"column":null}},"11":{"start":{"line":33,"column":47},"end":{"line":68,"column":null}},"12":{"start":{"line":35,"column":8},"end":{"line":35,"column":57}},"13":{"start":{"line":37,"column":8},"end":{"line":37,"column":50}},"14":{"start":{"line":39,"column":2},"end":{"line":42,"column":null}},"15":{"start":{"line":41,"column":4},"end":{"line":41,"column":88}},"16":{"start":{"line":46,"column":37},"end":{"line":46,"column":null}},"17":{"start":{"line":46,"column":10},"end":{"line":46,"column":null}},"18":{"start":{"line":48,"column":10},"end":{"line":49,"column":54}},"19":{"start":{"line":51,"column":7},"end":{"line":51,"column":null}},"20":{"start":{"line":51,"column":3},"end":{"line":55,"column":null}},"21":{"start":{"line":53,"column":4},"end":{"line":54,"column":75}},"22":{"start":{"line":56,"column":9},"end":{"line":56,"column":49}},"23":{"start":{"line":58,"column":2},"end":{"line":58,"column":73}},"24":{"start":{"line":62,"column":6},"end":{"line":63,"column":84}},"25":{"start":{"line":72,"column":2},"end":{"line":86,"column":null}},"26":{"start":{"line":72,"column":81},"end":{"line":86,"column":null}},"27":{"start":{"line":75,"column":8},"end":{"line":75,"column":51}},"28":{"start":{"line":77,"column":8},"end":{"line":79,"column":17}},"29":{"start":{"line":81,"column":4},"end":{"line":84,"column":null}},"30":{"start":{"line":83,"column":5},"end":{"line":83,"column":18}},"31":{"start":{"line":85,"column":2},"end":{"line":85,"column":14}},"32":{"start":{"line":89,"column":8},"end":{"line":120,"column":null}},"33":{"start":{"line":89,"column":49},"end":{"line":120,"column":null}},"34":{"start":{"line":91,"column":8},"end":{"line":91,"column":58}},"35":{"start":{"line":93,"column":7},"end":{"line":93,"column":57}},"36":{"start":{"line":95,"column":1},"end":{"line":98,"column":null}},"37":{"start":{"line":97,"column":3},"end":{"line":97,"column":87}},"38":{"start":{"line":100,"column":16},"end":{"line":100,"column":null}},"39":{"start":{"line":100,"column":8},"end":{"line":100,"column":null}},"40":{"start":{"line":102,"column":2},"end":{"line":105,"column":null}},"41":{"start":{"line":104,"column":4},"end":{"line":104,"column":94}},"42":{"start":{"line":107,"column":8},"end":{"line":111,"column":4}},"43":{"start":{"line":114,"column":8},"end":{"line":114,"column":51}},"44":{"start":{"line":116,"column":2},"end":{"line":116,"column":35}},"45":{"start":{"line":119,"column":2},"end":{"line":119,"column":88}},"46":{"start":{"line":123,"column":7},"end":{"line":127,"column":null}},"47":{"start":{"line":126,"column":2},"end":{"line":126,"column":68}},"48":{"start":{"line":29,"column":3},"end":{"line":29,"column":40}},"49":{"start":{"line":30,"column":4},"end":{"line":30,"column":28}},"50":{"start":{"line":21,"column":13},"end":{"line":130,"column":null}},"51":{"start":{"line":130,"column":0},"end":{"line":130,"column":null}},"52":{"start":{"line":21,"column":13},"end":{"line":21,"column":27}}},"fnMap":{"0":{"name":"(anonymous_22)","decl":{"start":{"line":21,"column":0},"end":{"line":21,"column":13}},"loc":{"start":{"line":21,"column":0},"end":{"line":21,"column":13}}},"1":{"name":"AuthController","decl":{"start":{"line":27,"column":2},"end":{"line":27,"column":14}},"loc":{"start":{"line":27,"column":73},"end":{"line":31,"column":3}}},"2":{"name":"(anonymous_24)","decl":{"start":{"line":33,"column":17},"end":{"line":33,"column":23}},"loc":{"start":{"line":33,"column":47},"end":{"line":68,"column":null}}},"3":{"name":"(anonymous_25)","decl":{"start":{"line":33,"column":47},"end":{"line":33,"column":null}},"loc":{"start":{"line":33,"column":47},"end":{"line":68,"column":null}}},"4":{"name":"(anonymous_27)","decl":{"start":{"line":72,"column":25},"end":{"line":72,"column":31}},"loc":{"start":{"line":72,"column":81},"end":{"line":86,"column":null}}},"5":{"name":"(anonymous_28)","decl":{"start":{"line":72,"column":81},"end":{"line":72,"column":null}},"loc":{"start":{"line":72,"column":81},"end":{"line":86,"column":null}}},"6":{"name":"(anonymous_30)","decl":{"start":{"line":89,"column":19},"end":{"line":89,"column":25}},"loc":{"start":{"line":89,"column":49},"end":{"line":120,"column":null}}},"7":{"name":"(anonymous_31)","decl":{"start":{"line":89,"column":49},"end":{"line":89,"column":null}},"loc":{"start":{"line":89,"column":49},"end":{"line":120,"column":null}}},"8":{"name":"(anonymous_33)","decl":{"start":{"line":123,"column":43},"end":{"line":123,"column":44}},"loc":{"start":{"line":124,"column":26},"end":{"line":127,"column":1}}}},"branchMap":{"0":{"loc":{"start":{"line":39,"column":2},"end":{"line":42,"column":null}},"type":"if","locations":[{"start":{"line":39,"column":2},"end":{"line":42,"column":null}},{"start":{"line":39,"column":2},"end":{"line":42,"column":null}}]},"1":{"loc":{"start":{"line":39,"column":13},"end":{"line":39,"column":15}},"type":"cond-expr","locations":[{"start":{"line":39,"column":13},"end":{"line":39,"column":15}},{"start":{"line":39,"column":5},"end":{"line":39,"column":26}}]},"2":{"loc":{"start":{"line":39,"column":5},"end":{"line":39,"column":15}},"type":"binary-expr","locations":[{"start":{"line":39,"column":5},"end":{"line":39,"column":15}},{"start":{"line":39,"column":5},"end":{"line":39,"column":15}}]},"3":{"loc":{"start":{"line":41,"column":78},"end":{"line":41,"column":80}},"type":"cond-expr","locations":[{"start":{"line":41,"column":78},"end":{"line":41,"column":80}},{"start":{"line":41,"column":70},"end":{"line":41,"column":85}}]},"4":{"loc":{"start":{"line":41,"column":70},"end":{"line":41,"column":80}},"type":"binary-expr","locations":[{"start":{"line":41,"column":70},"end":{"line":41,"column":80}},{"start":{"line":41,"column":70},"end":{"line":41,"column":80}}]},"5":{"loc":{"start":{"line":51,"column":3},"end":{"line":55,"column":null}},"type":"if","locations":[{"start":{"line":51,"column":3},"end":{"line":55,"column":null}},{"start":{"line":51,"column":3},"end":{"line":55,"column":null}}]},"6":{"loc":{"start":{"line":75,"column":40},"end":{"line":75,"column":42}},"type":"cond-expr","locations":[{"start":{"line":75,"column":40},"end":{"line":75,"column":42}},{"start":{"line":75,"column":27},"end":{"line":75,"column":50}}]},"7":{"loc":{"start":{"line":75,"column":27},"end":{"line":75,"column":42}},"type":"binary-expr","locations":[{"start":{"line":75,"column":27},"end":{"line":75,"column":42}},{"start":{"line":75,"column":27},"end":{"line":75,"column":42}}]},"8":{"loc":{"start":{"line":81,"column":4},"end":{"line":84,"column":null}},"type":"if","locations":[{"start":{"line":81,"column":4},"end":{"line":84,"column":null}},{"start":{"line":81,"column":4},"end":{"line":84,"column":null}}]},"9":{"loc":{"start":{"line":95,"column":1},"end":{"line":98,"column":null}},"type":"if","locations":[{"start":{"line":95,"column":1},"end":{"line":98,"column":null}},{"start":{"line":95,"column":1},"end":{"line":98,"column":null}}]},"10":{"loc":{"start":{"line":95,"column":12},"end":{"line":95,"column":14}},"type":"cond-expr","locations":[{"start":{"line":95,"column":12},"end":{"line":95,"column":14}},{"start":{"line":95,"column":4},"end":{"line":95,"column":25}}]},"11":{"loc":{"start":{"line":95,"column":4},"end":{"line":95,"column":14}},"type":"binary-expr","locations":[{"start":{"line":95,"column":4},"end":{"line":95,"column":14}},{"start":{"line":95,"column":4},"end":{"line":95,"column":14}}]},"12":{"loc":{"start":{"line":97,"column":77},"end":{"line":97,"column":79}},"type":"cond-expr","locations":[{"start":{"line":97,"column":77},"end":{"line":97,"column":79}},{"start":{"line":97,"column":69},"end":{"line":97,"column":84}}]},"13":{"loc":{"start":{"line":97,"column":69},"end":{"line":97,"column":79}},"type":"binary-expr","locations":[{"start":{"line":97,"column":69},"end":{"line":97,"column":79}},{"start":{"line":97,"column":69},"end":{"line":97,"column":79}}]},"14":{"loc":{"start":{"line":102,"column":2},"end":{"line":105,"column":null}},"type":"if","locations":[{"start":{"line":102,"column":2},"end":{"line":105,"column":null}},{"start":{"line":102,"column":2},"end":{"line":105,"column":null}}]}},"s":{"0":5,"1":5,"2":5,"3":5,"4":5,"5":5,"6":5,"7":5,"8":5,"9":8,"10":8,"11":2,"12":2,"13":2,"14":2,"15":0,"16":2,"17":2,"18":2,"19":2,"20":2,"21":0,"22":2,"23":2,"24":0,"25":8,"26":2,"27":2,"28":2,"29":2,"30":0,"31":2,"32":8,"33":2,"34":2,"35":2,"36":2,"37":0,"38":2,"39":2,"40":2,"41":0,"42":2,"43":2,"44":4,"45":2,"46":8,"47":2,"48":8,"49":8,"50":5,"51":5,"52":5},"f":{"0":5,"1":8,"2":2,"3":2,"4":2,"5":2,"6":2,"7":2,"8":2},"b":{"0":[0,2],"1":[1,1],"2":[2,2],"3":[0,0],"4":[0,0],"5":[0,2],"6":[0,2],"7":[2,2],"8":[0,2],"9":[0,2],"10":[1,1],"11":[2,2],"12":[0,0],"13":[0,0],"14":[0,2]}}
,"/Users/macbookpro/Documents/NodeApps/YourGallery/backend/src/controllers/GalleryController.ts": {"path":"/Users/macbookpro/Documents/NodeApps/YourGallery/backend/src/controllers/GalleryController.ts","statementMap":{"0":{"start":{"line":1,"column":0},"end":{"line":1,"column":25}},"1":{"start":{"line":4,"column":0},"end":{"line":4,"column":56}},"2":{"start":{"line":5,"column":0},"end":{"line":5,"column":20}},"3":{"start":{"line":6,"column":0},"end":{"line":6,"column":24}},"4":{"start":{"line":7,"column":0},"end":{"line":7,"column":67}},"5":{"start":{"line":8,"column":0},"end":{"line":8,"column":66}},"6":{"start":{"line":9,"column":0},"end":{"line":9,"column":50}},"7":{"start":{"line":10,"column":0},"end":{"line":10,"column":90}},"8":{"start":{"line":11,"column":0},"end":{"line":11,"column":37}},"9":{"start":{"line":13,"column":0},"end":{"line":13,"column":85}},"10":{"start":{"line":14,"column":0},"end":{"line":14,"column":42}},"11":{"start":{"line":22,"column":0},"end":{"line":22,"column":13}},"12":{"start":{"line":29,"column":2},"end":{"line":29,"column":null}},"13":{"start":{"line":38,"column":8},"end":{"line":47,"column":null}},"14":{"start":{"line":38,"column":46},"end":{"line":47,"column":null}},"15":{"start":{"line":40,"column":11},"end":{"line":40,"column":18}},"16":{"start":{"line":41,"column":9},"end":{"line":41,"column":34}},"17":{"start":{"line":42,"column":9},"end":{"line":42,"column":37}},"18":{"start":{"line":43,"column":3},"end":{"line":43,"column":21}},"19":{"start":{"line":44,"column":19},"end":{"line":44,"column":null}},"20":{"start":{"line":44,"column":9},"end":{"line":44,"column":null}},"21":{"start":{"line":45,"column":2},"end":{"line":45,"column":70}},"22":{"start":{"line":52,"column":8},"end":{"line":83,"column":null}},"23":{"start":{"line":52,"column":47},"end":{"line":83,"column":null}},"24":{"start":{"line":55,"column":8},"end":{"line":55,"column":58}},"25":{"start":{"line":57,"column":2},"end":{"line":81,"column":null}},"26":{"start":{"line":57,"column":59},"end":{"line":81,"column":2}},"27":{"start":{"line":59,"column":10},"end":{"line":59,"column":57}},"28":{"start":{"line":63,"column":4},"end":{"line":66,"column":null}},"29":{"start":{"line":65,"column":6},"end":{"line":65,"column":80}},"30":{"start":{"line":70,"column":12},"end":{"line":70,"column":19}},"31":{"start":{"line":71,"column":11},"end":{"line":71,"column":94}},"32":{"start":{"line":73,"column":9},"end":{"line":73,"column":43}},"33":{"start":{"line":74,"column":11},"end":{"line":74,"column":84}},"34":{"start":{"line":75,"column":5},"end":{"line":75,"column":68}},"35":{"start":{"line":76,"column":11},"end":{"line":76,"column":70}},"36":{"start":{"line":77,"column":12},"end":{"line":77,"column":48}},"37":{"start":{"line":78,"column":11},"end":{"line":78,"column":56}},"38":{"start":{"line":79,"column":8},"end":{"line":79,"column":null}},"39":{"start":{"line":80,"column":11},"end":{"line":80,"column":83}},"40":{"start":{"line":80,"column":4},"end":{"line":80,"column":83}},"41":{"start":{"line":86,"column":7},"end":{"line":112,"column":null}},"42":{"start":{"line":88,"column":27},"end":{"line":112,"column":null}},"43":{"start":{"line":90,"column":1},"end":{"line":110,"column":4}},"44":{"start":{"line":90,"column":69},"end":{"line":110,"column":3}},"45":{"start":{"line":92,"column":4},"end":{"line":95,"column":null}},"46":{"start":{"line":94,"column":5},"end":{"line":94,"column":87}},"47":{"start":{"line":100,"column":10},"end":{"line":100,"column":null}},"48":{"start":{"line":97,"column":10},"end":{"line":102,"column":null}},"49":{"start":{"line":104,"column":9},"end":{"line":104,"column":59}},"50":{"start":{"line":106,"column":3},"end":{"line":106,"column":45}},"51":{"start":{"line":108,"column":2},"end":{"line":108,"column":88}},"52":{"start":{"line":115,"column":7},"end":{"line":147,"column":null}},"53":{"start":{"line":115,"column":47},"end":{"line":147,"column":null}},"54":{"start":{"line":119,"column":8},"end":{"line":119,"column":45}},"55":{"start":{"line":120,"column":2},"end":{"line":145,"column":null}},"56":{"start":{"line":120,"column":59},"end":{"line":145,"column":4}},"57":{"start":{"line":122,"column":10},"end":{"line":122,"column":54}},"58":{"start":{"line":126,"column":4},"end":{"line":129,"column":null}},"59":{"start":{"line":128,"column":6},"end":{"line":128,"column":80}},"60":{"start":{"line":131,"column":8},"end":{"line":131,"column":41}},"61":{"start":{"line":132,"column":3},"end":{"line":135,"column":null}},"62":{"start":{"line":134,"column":4},"end":{"line":134,"column":53}},"63":{"start":{"line":137,"column":7},"end":{"line":137,"column":41}},"64":{"start":{"line":138,"column":11},"end":{"line":138,"column":84}},"65":{"start":{"line":139,"column":5},"end":{"line":139,"column":68}},"66":{"start":{"line":140,"column":11},"end":{"line":140,"column":70}},"67":{"start":{"line":141,"column":12},"end":{"line":141,"column":48}},"68":{"start":{"line":142,"column":11},"end":{"line":142,"column":56}},"69":{"start":{"line":143,"column":8},"end":{"line":143,"column":43}},"70":{"start":{"line":144,"column":11},"end":{"line":144,"column":79}},"71":{"start":{"line":144,"column":4},"end":{"line":144,"column":79}},"72":{"start":{"line":149,"column":7},"end":{"line":172,"column":null}},"73":{"start":{"line":153,"column":2},"end":{"line":171,"column":null}},"74":{"start":{"line":153,"column":44},"end":{"line":171,"column":3}},"75":{"start":{"line":155,"column":4},"end":{"line":157,"column":null}},"76":{"start":{"line":156,"column":5},"end":{"line":156,"column":87}},"77":{"start":{"line":159,"column":10},"end":{"line":162,"column":5}},"78":{"start":{"line":164,"column":9},"end":{"line":164,"column":59}},"79":{"start":{"line":166,"column":4},"end":{"line":166,"column":52}},"80":{"start":{"line":167,"column":4},"end":{"line":167,"column":51}},"81":{"start":{"line":169,"column":2},"end":{"line":169,"column":88}},"82":{"start":{"line":175,"column":8},"end":{"line":187,"column":null}},"83":{"start":{"line":175,"column":71},"end":{"line":187,"column":null}},"84":{"start":{"line":177,"column":9},"end":{"line":177,"column":42}},"85":{"start":{"line":178,"column":9},"end":{"line":178,"column":72}},"86":{"start":{"line":179,"column":9},"end":{"line":181,"column":5}},"87":{"start":{"line":183,"column":9},"end":{"line":183,"column":59}},"88":{"start":{"line":184,"column":3},"end":{"line":184,"column":57}},"89":{"start":{"line":185,"column":2},"end":{"line":185,"column":87}},"90":{"start":{"line":191,"column":9},"end":{"line":200,"column":null}},"91":{"start":{"line":191,"column":57},"end":{"line":200,"column":null}},"92":{"start":{"line":193,"column":51},"end":{"line":193,"column":null}},"93":{"start":{"line":193,"column":9},"end":{"line":193,"column":null}},"94":{"start":{"line":194,"column":9},"end":{"line":194,"column":60}},"95":{"start":{"line":195,"column":9},"end":{"line":195,"column":91}},"96":{"start":{"line":196,"column":3},"end":{"line":199,"column":null}},"97":{"start":{"line":198,"column":6},"end":{"line":198,"column":null}},"98":{"start":{"line":203,"column":8},"end":{"line":210,"column":null}},"99":{"start":{"line":203,"column":47},"end":{"line":210,"column":null}},"100":{"start":{"line":205,"column":9},"end":{"line":205,"column":52}},"101":{"start":{"line":206,"column":3},"end":{"line":206,"column":48}},"102":{"start":{"line":207,"column":3},"end":{"line":207,"column":50}},"103":{"start":{"line":208,"column":3},"end":{"line":208,"column":88}},"104":{"start":{"line":33,"column":3},"end":{"line":33,"column":40}},"105":{"start":{"line":34,"column":3},"end":{"line":34,"column":40}},"106":{"start":{"line":35,"column":3},"end":{"line":35,"column":34}},"107":{"start":{"line":22,"column":13},"end":{"line":214,"column":null}},"108":{"start":{"line":214,"column":0},"end":{"line":214,"column":null}},"109":{"start":{"line":22,"column":13},"end":{"line":22,"column":30}}},"fnMap":{"0":{"name":"(anonymous_16)","decl":{"start":{"line":22,"column":0},"end":{"line":22,"column":13}},"loc":{"start":{"line":22,"column":0},"end":{"line":22,"column":13}}},"1":{"name":"GalleryController","decl":{"start":{"line":29,"column":2},"end":{"line":29,"column":null}},"loc":{"start":{"line":31,"column":57},"end":{"line":36,"column":3}}},"2":{"name":"(anonymous_18)","decl":{"start":{"line":38,"column":16},"end":{"line":38,"column":22}},"loc":{"start":{"line":38,"column":46},"end":{"line":47,"column":null}}},"3":{"name":"(anonymous_19)","decl":{"start":{"line":38,"column":46},"end":{"line":38,"column":null}},"loc":{"start":{"line":38,"column":46},"end":{"line":47,"column":null}}},"4":{"name":"(anonymous_21)","decl":{"start":{"line":52,"column":17},"end":{"line":52,"column":23}},"loc":{"start":{"line":52,"column":47},"end":{"line":83,"column":null}}},"5":{"name":"(anonymous_22)","decl":{"start":{"line":52,"column":47},"end":{"line":52,"column":null}},"loc":{"start":{"line":52,"column":47},"end":{"line":83,"column":null}}},"6":{"name":"(anonymous_24)","decl":{"start":{"line":57,"column":18},"end":{"line":57,"column":25}},"loc":{"start":{"line":57,"column":59},"end":{"line":81,"column":2}}},"7":{"name":"(anonymous_25)","decl":{"start":{"line":57,"column":59},"end":{"line":57,"column":null}},"loc":{"start":{"line":57,"column":59},"end":{"line":81,"column":2}}},"8":{"name":"(anonymous_27)","decl":{"start":{"line":86,"column":27},"end":{"line":86,"column":34}},"loc":{"start":{"line":88,"column":27},"end":{"line":112,"column":null}}},"9":{"name":"(anonymous_28)","decl":{"start":{"line":88,"column":27},"end":{"line":88,"column":null}},"loc":{"start":{"line":88,"column":27},"end":{"line":112,"column":null}}},"10":{"name":"(anonymous_30)","decl":{"start":{"line":90,"column":40},"end":{"line":90,"column":46}},"loc":{"start":{"line":90,"column":69},"end":{"line":110,"column":3}}},"11":{"name":"(anonymous_31)","decl":{"start":{"line":90,"column":69},"end":{"line":90,"column":null}},"loc":{"start":{"line":90,"column":69},"end":{"line":110,"column":3}}},"12":{"name":"(anonymous_33)","decl":{"start":{"line":115,"column":17},"end":{"line":115,"column":23}},"loc":{"start":{"line":115,"column":47},"end":{"line":147,"column":null}}},"13":{"name":"(anonymous_34)","decl":{"start":{"line":115,"column":47},"end":{"line":115,"column":null}},"loc":{"start":{"line":115,"column":47},"end":{"line":147,"column":null}}},"14":{"name":"(anonymous_36)","decl":{"start":{"line":120,"column":18},"end":{"line":120,"column":25}},"loc":{"start":{"line":120,"column":59},"end":{"line":145,"column":4}}},"15":{"name":"(anonymous_37)","decl":{"start":{"line":120,"column":59},"end":{"line":120,"column":null}},"loc":{"start":{"line":120,"column":59},"end":{"line":145,"column":4}}},"16":{"name":"(anonymous_39)","decl":{"start":{"line":149,"column":25},"end":{"line":149,"column":26}},"loc":{"start":{"line":151,"column":37},"end":{"line":172,"column":1}}},"17":{"name":"(anonymous_40)","decl":{"start":{"line":153,"column":35},"end":{"line":153,"column":41}},"loc":{"start":{"line":153,"column":44},"end":{"line":171,"column":3}}},"18":{"name":"(anonymous_41)","decl":{"start":{"line":153,"column":44},"end":{"line":153,"column":null}},"loc":{"start":{"line":153,"column":44},"end":{"line":171,"column":3}}},"19":{"name":"(anonymous_43)","decl":{"start":{"line":175,"column":30},"end":{"line":175,"column":36}},"loc":{"start":{"line":175,"column":71},"end":{"line":187,"column":null}}},"20":{"name":"(anonymous_44)","decl":{"start":{"line":175,"column":71},"end":{"line":175,"column":null}},"loc":{"start":{"line":175,"column":71},"end":{"line":187,"column":null}}},"21":{"name":"(anonymous_46)","decl":{"start":{"line":191,"column":41},"end":{"line":191,"column":48}},"loc":{"start":{"line":191,"column":57},"end":{"line":200,"column":null}}},"22":{"name":"(anonymous_47)","decl":{"start":{"line":191,"column":57},"end":{"line":191,"column":null}},"loc":{"start":{"line":191,"column":57},"end":{"line":200,"column":null}}},"23":{"name":"(anonymous_49)","decl":{"start":{"line":203,"column":17},"end":{"line":203,"column":23}},"loc":{"start":{"line":203,"column":47},"end":{"line":210,"column":null}}},"24":{"name":"(anonymous_50)","decl":{"start":{"line":203,"column":47},"end":{"line":203,"column":null}},"loc":{"start":{"line":203,"column":47},"end":{"line":210,"column":null}}}},"branchMap":{"0":{"loc":{"start":{"line":42,"column":30},"end":{"line":42,"column":32}},"type":"cond-expr","locations":[{"start":{"line":42,"column":30},"end":{"line":42,"column":32}},{"start":{"line":42,"column":30},"end":{"line":42,"column":36}}]},"1":{"loc":{"start":{"line":42,"column":21},"end":{"line":42,"column":32}},"type":"binary-expr","locations":[{"start":{"line":42,"column":21},"end":{"line":42,"column":32}},{"start":{"line":42,"column":30},"end":{"line":42,"column":32}}]},"2":{"loc":{"start":{"line":80,"column":4},"end":{"line":80,"column":83}},"type":"switch","locations":[{"start":{"line":80,"column":4},"end":{"line":80,"column":83}}]},"3":{"loc":{"start":{"line":63,"column":4},"end":{"line":66,"column":null}},"type":"if","locations":[{"start":{"line":63,"column":4},"end":{"line":66,"column":null}},{"start":{"line":63,"column":4},"end":{"line":66,"column":null}}]},"4":{"loc":{"start":{"line":63,"column":15},"end":{"line":63,"column":17}},"type":"cond-expr","locations":[{"start":{"line":63,"column":15},"end":{"line":63,"column":17}},{"start":{"line":63,"column":7},"end":{"line":63,"column":28}}]},"5":{"loc":{"start":{"line":63,"column":7},"end":{"line":63,"column":17}},"type":"binary-expr","locations":[{"start":{"line":63,"column":7},"end":{"line":63,"column":17}},{"start":{"line":63,"column":7},"end":{"line":63,"column":17}}]},"6":{"loc":{"start":{"line":65,"column":71},"end":{"line":65,"column":73}},"type":"cond-expr","locations":[{"start":{"line":65,"column":71},"end":{"line":65,"column":73}},{"start":{"line":65,"column":63},"end":{"line":65,"column":78}}]},"7":{"loc":{"start":{"line":65,"column":63},"end":{"line":65,"column":73}},"type":"binary-expr","locations":[{"start":{"line":65,"column":63},"end":{"line":65,"column":73}},{"start":{"line":65,"column":63},"end":{"line":65,"column":73}}]},"8":{"loc":{"start":{"line":75,"column":35},"end":{"line":75,"column":62}},"type":"cond-expr","locations":[{"start":{"line":75,"column":35},"end":{"line":75,"column":62}},{"start":{"line":75,"column":63},"end":{"line":75,"column":67}}]},"9":{"loc":{"start":{"line":90,"column":1},"end":{"line":110,"column":4}},"type":"switch","locations":[{"start":{"line":90,"column":1},"end":{"line":110,"column":4}}]},"10":{"loc":{"start":{"line":92,"column":4},"end":{"line":95,"column":null}},"type":"if","locations":[{"start":{"line":92,"column":4},"end":{"line":95,"column":null}},{"start":{"line":92,"column":4},"end":{"line":95,"column":null}}]},"11":{"loc":{"start":{"line":99,"column":16},"end":{"line":99,"column":18}},"type":"cond-expr","locations":[{"start":{"line":99,"column":16},"end":{"line":99,"column":18}},{"start":{"line":99,"column":10},"end":{"line":99,"column":33}}]},"12":{"loc":{"start":{"line":99,"column":10},"end":{"line":99,"column":18}},"type":"binary-expr","locations":[{"start":{"line":99,"column":10},"end":{"line":99,"column":18}},{"start":{"line":99,"column":10},"end":{"line":99,"column":18}}]},"13":{"loc":{"start":{"line":144,"column":4},"end":{"line":144,"column":79}},"type":"switch","locations":[{"start":{"line":144,"column":4},"end":{"line":144,"column":79}}]},"14":{"loc":{"start":{"line":126,"column":4},"end":{"line":129,"column":null}},"type":"if","locations":[{"start":{"line":126,"column":4},"end":{"line":129,"column":null}},{"start":{"line":126,"column":4},"end":{"line":129,"column":null}}]},"15":{"loc":{"start":{"line":126,"column":15},"end":{"line":126,"column":17}},"type":"cond-expr","locations":[{"start":{"line":126,"column":15},"end":{"line":126,"column":17}},{"start":{"line":126,"column":7},"end":{"line":126,"column":28}}]},"16":{"loc":{"start":{"line":126,"column":7},"end":{"line":126,"column":17}},"type":"binary-expr","locations":[{"start":{"line":126,"column":7},"end":{"line":126,"column":17}},{"start":{"line":126,"column":7},"end":{"line":126,"column":17}}]},"17":{"loc":{"start":{"line":128,"column":71},"end":{"line":128,"column":73}},"type":"cond-expr","locations":[{"start":{"line":128,"column":71},"end":{"line":128,"column":73}},{"start":{"line":128,"column":63},"end":{"line":128,"column":78}}]},"18":{"loc":{"start":{"line":128,"column":63},"end":{"line":128,"column":73}},"type":"binary-expr","locations":[{"start":{"line":128,"column":63},"end":{"line":128,"column":73}},{"start":{"line":128,"column":63},"end":{"line":128,"column":73}}]},"19":{"loc":{"start":{"line":132,"column":3},"end":{"line":135,"column":null}},"type":"if","locations":[{"start":{"line":132,"column":3},"end":{"line":135,"column":null}},{"start":{"line":132,"column":3},"end":{"line":135,"column":null}}]},"20":{"loc":{"start":{"line":139,"column":35},"end":{"line":139,"column":62}},"type":"cond-expr","locations":[{"start":{"line":139,"column":35},"end":{"line":139,"column":62}},{"start":{"line":139,"column":63},"end":{"line":139,"column":67}}]},"21":{"loc":{"start":{"line":155,"column":4},"end":{"line":157,"column":null}},"type":"if","locations":[{"start":{"line":155,"column":4},"end":{"line":157,"column":null}},{"start":{"line":155,"column":4},"end":{"line":157,"column":null}}]},"22":{"loc":{"start":{"line":160,"column":18},"end":{"line":160,"column":20}},"type":"cond-expr","locations":[{"start":{"line":160,"column":18},"end":{"line":160,"column":20}},{"start":{"line":160,"column":12},"end":{"line":160,"column":35}}]},"23":{"loc":{"start":{"line":160,"column":12},"end":{"line":160,"column":20}},"type":"binary-expr","locations":[{"start":{"line":160,"column":12},"end":{"line":160,"column":20}},{"start":{"line":160,"column":12},"end":{"line":160,"column":20}}]},"24":{"loc":{"start":{"line":178,"column":41},"end":{"line":178,"column":54}},"type":"cond-expr","locations":[{"start":{"line":178,"column":41},"end":{"line":178,"column":54}},{"start":{"line":178,"column":57},"end":{"line":178,"column":71}}]},"25":{"loc":{"start":{"line":178,"column":25},"end":{"line":178,"column":27}},"type":"cond-expr","locations":[{"start":{"line":178,"column":25},"end":{"line":178,"column":27}},{"start":{"line":178,"column":25},"end":{"line":178,"column":32}}]},"26":{"loc":{"start":{"line":178,"column":17},"end":{"line":178,"column":27}},"type":"binary-expr","locations":[{"start":{"line":178,"column":17},"end":{"line":178,"column":27}},{"start":{"line":178,"column":25},"end":{"line":178,"column":27}}]},"27":{"loc":{"start":{"line":178,"column":47},"end":{"line":178,"column":49}},"type":"cond-expr","locations":[{"start":{"line":178,"column":47},"end":{"line":178,"column":49}},{"start":{"line":178,"column":41},"end":{"line":178,"column":54}}]},"28":{"loc":{"start":{"line":178,"column":41},"end":{"line":178,"column":49}},"type":"binary-expr","locations":[{"start":{"line":178,"column":41},"end":{"line":178,"column":49}},{"start":{"line":178,"column":41},"end":{"line":178,"column":49}}]},"29":{"loc":{"start":{"line":193,"column":51},"end":{"line":193,"column":null}},"type":"switch","locations":[{"start":{"line":193,"column":51},"end":{"line":193,"column":null}}]},"30":{"loc":{"start":{"line":194,"column":52},"end":{"line":194,"column":54}},"type":"cond-expr","locations":[{"start":{"line":194,"column":52},"end":{"line":194,"column":54}},{"start":{"line":194,"column":39},"end":{"line":194,"column":59}}]},"31":{"loc":{"start":{"line":194,"column":39},"end":{"line":194,"column":54}},"type":"binary-expr","locations":[{"start":{"line":194,"column":39},"end":{"line":194,"column":54}},{"start":{"line":194,"column":39},"end":{"line":194,"column":54}}]},"32":{"loc":{"start":{"line":196,"column":3},"end":{"line":199,"column":null}},"type":"if","locations":[{"start":{"line":196,"column":3},"end":{"line":199,"column":null}},{"start":{"line":196,"column":3},"end":{"line":199,"column":null}}]}},"s":{"0":5,"1":5,"2":5,"3":5,"4":5,"5":5,"6":5,"7":5,"8":5,"9":5,"10":5,"11":5,"12":12,"13":12,"14":2,"15":2,"16":2,"17":2,"18":2,"19":2,"20":2,"21":2,"22":12,"23":2,"24":2,"25":2,"26":2,"27":2,"28":2,"29":0,"30":2,"31":2,"32":2,"33":2,"34":2,"35":2,"36":2,"37":2,"38":2,"39":2,"40":2,"41":12,"42":3,"43":6,"44":2,"45":2,"46":0,"47":2,"48":2,"49":2,"50":4,"51":2,"52":12,"53":2,"54":2,"55":2,"56":2,"57":2,"58":2,"59":0,"60":2,"61":2,"62":0,"63":2,"64":2,"65":2,"66":2,"67":2,"68":2,"69":2,"70":2,"71":2,"72":12,"73":3,"74":2,"75":2,"76":0,"77":2,"78":2,"79":2,"80":2,"81":2,"82":12,"83":1,"84":1,"85":1,"86":1,"87":1,"88":2,"89":1,"90":12,"91":3,"92":3,"93":3,"94":2,"95":2,"96":2,"97":2,"98":12,"99":2,"100":2,"101":4,"102":2,"103":2,"104":12,"105":12,"106":12,"107":5,"108":5,"109":5},"f":{"0":5,"1":12,"2":2,"3":2,"4":2,"5":2,"6":2,"7":2,"8":3,"9":3,"10":2,"11":2,"12":2,"13":2,"14":2,"15":2,"16":3,"17":2,"18":2,"19":1,"20":1,"21":3,"22":3,"23":2,"24":2},"b":{"0":[1,1],"1":[2,2],"2":[2],"3":[0,2],"4":[0,2],"5":[2,2],"6":[0,0],"7":[0,0],"8":[0,2],"9":[3],"10":[0,2],"11":[0,2],"12":[2,2],"13":[2],"14":[0,2],"15":[0,2],"16":[2,2],"17":[0,0],"18":[0,0],"19":[0,2],"20":[0,2],"21":[0,2],"22":[0,2],"23":[2,2],"24":[0,1],"25":[0,1],"26":[1,1],"27":[0,0],"28":[0,0],"29":[3],"30":[0,2],"31":[2,2],"32":[2,0]}}
,"/Users/macbookpro/Documents/NodeApps/YourGallery/backend/src/database/databaseConnection.ts": {"path":"/Users/macbookpro/Documents/NodeApps/YourGallery/backend/src/database/databaseConnection.ts","statementMap":{"0":{"start":{"line":1,"column":0},"end":{"line":1,"column":53}},"1":{"start":{"line":4,"column":26},"end":{"line":19,"column":null}},"2":{"start":{"line":6,"column":11},"end":{"line":18,"column":12}},"3":{"start":{"line":6,"column":4},"end":{"line":18,"column":12}},"4":{"start":{"line":4,"column":13},"end":{"line":4,"column":26}}},"fnMap":{"0":{"name":"(anonymous_13)","decl":{"start":{"line":4,"column":26},"end":{"line":4,"column":null}},"loc":{"start":{"line":4,"column":26},"end":{"line":19,"column":null}}}},"branchMap":{"0":{"loc":{"start":{"line":6,"column":11},"end":{"line":18,"column":12}},"type":"switch","locations":[{"start":{"line":6,"column":11},"end":{"line":18,"column":12}},{"start":{"line":6,"column":4},"end":{"line":18,"column":12}}]}},"s":{"0":2,"1":4,"2":2,"3":2,"4":2},"f":{"0":4},"b":{"0":[2,2]}}
,"/Users/macbookpro/Documents/NodeApps/YourGallery/backend/src/database/entities/GalleryEntity.ts": {"path":"/Users/macbookpro/Documents/NodeApps/YourGallery/backend/src/database/entities/GalleryEntity.ts","statementMap":{"0":{"start":{"line":1,"column":0},"end":{"line":1,"column":null}},"1":{"start":{"line":9,"column":0},"end":{"line":9,"column":42}},"2":{"start":{"line":12,"column":0},"end":{"line":12,"column":13}},"3":{"start":{"line":15,"column":2},"end":{"line":15,"column":null}},"4":{"start":{"line":19,"column":1},"end":{"line":19,"column":null}},"5":{"start":{"line":17,"column":21},"end":{"line":17,"column":32}},"6":{"start":{"line":22,"column":1},"end":{"line":22,"column":null}},"7":{"start":{"line":25,"column":1},"end":{"line":25,"column":null}},"8":{"start":{"line":28,"column":0},"end":{"line":28,"column":null}},"9":{"start":{"line":27,"column":56},"end":{"line":27,"column":80}},"10":{"start":{"line":31,"column":1},"end":{"line":31,"column":null}},"11":{"start":{"line":30,"column":55},"end":{"line":30,"column":79}},"12":{"start":{"line":12,"column":13},"end":{"line":35,"column":null}},"13":{"start":{"line":35,"column":0},"end":{"line":35,"column":null}},"14":{"start":{"line":12,"column":13},"end":{"line":12,"column":26}}},"fnMap":{"0":{"name":"(anonymous_2)","decl":{"start":{"line":12,"column":0},"end":{"line":12,"column":13}},"loc":{"start":{"line":12,"column":0},"end":{"line":12,"column":13}}},"1":{"name":"(anonymous_4)","decl":{"start":{"line":17,"column":13},"end":{"line":17,"column":17}},"loc":{"start":{"line":17,"column":17},"end":{"line":17,"column":31}}},"2":{"name":"(anonymous_5)","decl":{"start":{"line":27,"column":50},"end":{"line":27,"column":56}},"loc":{"start":{"line":27,"column":50},"end":{"line":27,"column":78}}},"3":{"name":"(anonymous_6)","decl":{"start":{"line":30,"column":49},"end":{"line":30,"column":55}},"loc":{"start":{"line":30,"column":49},"end":{"line":30,"column":77}}}},"branchMap":{},"s":{"0":6,"1":6,"2":6,"3":6,"4":6,"5":4,"6":6,"7":6,"8":6,"9":8,"10":6,"11":8,"12":6,"13":6,"14":6},"f":{"0":15,"1":4,"2":8,"3":8},"b":{}}
,"/Users/macbookpro/Documents/NodeApps/YourGallery/backend/src/database/entities/UserEntity.ts": {"path":"/Users/macbookpro/Documents/NodeApps/YourGallery/backend/src/database/entities/UserEntity.ts","statementMap":{"0":{"start":{"line":1,"column":0},"end":{"line":1,"column":null}},"1":{"start":{"line":9,"column":0},"end":{"line":9,"column":14}},"2":{"start":{"line":12,"column":1},"end":{"line":12,"column":null}},"3":{"start":{"line":15,"column":0},"end":{"line":15,"column":null}},"4":{"start":{"line":18,"column":0},"end":{"line":18,"column":null}},"5":{"start":{"line":21,"column":0},"end":{"line":21,"column":null}},"6":{"start":{"line":24,"column":0},"end":{"line":24,"column":null}},"7":{"start":{"line":23,"column":55},"end":{"line":23,"column":79}},"8":{"start":{"line":27,"column":0},"end":{"line":27,"column":null}},"9":{"start":{"line":26,"column":54},"end":{"line":26,"column":78}},"10":{"start":{"line":9,"column":14},"end":{"line":29,"column":null}},"11":{"start":{"line":29,"column":0},"end":{"line":29,"column":null}},"12":{"start":{"line":9,"column":14},"end":{"line":9,"column":24}}},"fnMap":{"0":{"name":"(anonymous_2)","decl":{"start":{"line":9,"column":0},"end":{"line":9,"column":14}},"loc":{"start":{"line":9,"column":0},"end":{"line":9,"column":14}}},"1":{"name":"(anonymous_4)","decl":{"start":{"line":23,"column":49},"end":{"line":23,"column":55}},"loc":{"start":{"line":23,"column":49},"end":{"line":23,"column":77}}},"2":{"name":"(anonymous_5)","decl":{"start":{"line":26,"column":48},"end":{"line":26,"column":54}},"loc":{"start":{"line":26,"column":48},"end":{"line":26,"column":76}}}},"branchMap":{},"s":{"0":9,"1":9,"2":9,"3":9,"4":9,"5":9,"6":9,"7":8,"8":9,"9":8,"10":9,"11":9,"12":9},"f":{"0":15,"1":8,"2":8},"b":{}}
,"/Users/macbookpro/Documents/NodeApps/YourGallery/backend/src/helpers/CustomResponseHelper.ts": {"path":"/Users/macbookpro/Documents/NodeApps/YourGallery/backend/src/helpers/CustomResponseHelper.ts","statementMap":{"0":{"start":{"line":3,"column":0},"end":{"line":3,"column":null}},"1":{"start":{"line":8,"column":11},"end":{"line":17,"column":null}},"2":{"start":{"line":12,"column":5},"end":{"line":16,"column":null}},"3":{"start":{"line":20,"column":0},"end":{"line":20,"column":null}}},"fnMap":{"0":{"name":"(anonymous_0)","decl":{"start":{"line":3,"column":0},"end":{"line":3,"column":null}},"loc":{"start":{"line":3,"column":0},"end":{"line":20,"column":null}}},"1":{"name":"(anonymous_2)","decl":{"start":{"line":8,"column":4},"end":{"line":8,"column":11}},"loc":{"start":{"line":10,"column":62},"end":{"line":17,"column":5}}}},"branchMap":{},"s":{"0":10,"1":10,"2":9,"3":10},"f":{"0":28,"1":9},"b":{}}
,"/Users/macbookpro/Documents/NodeApps/YourGallery/backend/src/helpers/PaginationHelper.ts": {"path":"/Users/macbookpro/Documents/NodeApps/YourGallery/backend/src/helpers/PaginationHelper.ts","statementMap":{"0":{"start":{"line":2,"column":28},"end":{"line":12,"column":1}},"1":{"start":{"line":4,"column":30},"end":{"line":4,"column":31}},"2":{"start":{"line":6,"column":3},"end":{"line":9,"column":null}},"3":{"start":{"line":8,"column":4},"end":{"line":8,"column":65}},"4":{"start":{"line":11,"column":3},"end":{"line":11,"column":23}},"5":{"start":{"line":2,"column":13},"end":{"line":2,"column":28}},"6":{"start":{"line":17,"column":32},"end":{"line":34,"column":1}},"7":{"start":{"line":20,"column":27},"end":{"line":20,"column":28}},"8":{"start":{"line":21,"column":27},"end":{"line":21,"column":88}},"9":{"start":{"line":22,"column":28},"end":{"line":22,"column":114}},"10":{"start":{"line":24,"column":31},"end":{"line":31,"column":4}},"11":{"start":{"line":33,"column":2},"end":{"line":33,"column":23}},"12":{"start":{"line":17,"column":13},"end":{"line":17,"column":32}}},"fnMap":{"0":{"name":"(anonymous_0)","decl":{"start":{"line":2,"column":28},"end":{"line":2,"column":29}},"loc":{"start":{"line":2,"column":58},"end":{"line":12,"column":1}}},"1":{"name":"(anonymous_1)","decl":{"start":{"line":17,"column":32},"end":{"line":17,"column":33}},"loc":{"start":{"line":18,"column":51},"end":{"line":34,"column":1}}}},"branchMap":{"0":{"loc":{"start":{"line":6,"column":3},"end":{"line":9,"column":null}},"type":"if","locations":[{"start":{"line":6,"column":3},"end":{"line":9,"column":null}},{"start":{"line":6,"column":3},"end":{"line":9,"column":null}}]},"1":{"loc":{"start":{"line":21,"column":73},"end":{"line":21,"column":74}},"type":"cond-expr","locations":[{"start":{"line":21,"column":73},"end":{"line":21,"column":74}},{"start":{"line":21,"column":77},"end":{"line":21,"column":88}}]},"2":{"loc":{"start":{"line":21,"column":27},"end":{"line":21,"column":44}},"type":"binary-expr","locations":[{"start":{"line":21,"column":27},"end":{"line":21,"column":44}},{"start":{"line":21,"column":48},"end":{"line":21,"column":70}}]},"3":{"loc":{"start":{"line":22,"column":75},"end":{"line":22,"column":76}},"type":"cond-expr","locations":[{"start":{"line":22,"column":75},"end":{"line":22,"column":76}},{"start":{"line":22,"column":80},"end":{"line":22,"column":114}}]},"4":{"loc":{"start":{"line":22,"column":28},"end":{"line":22,"column":43}},"type":"binary-expr","locations":[{"start":{"line":22,"column":28},"end":{"line":22,"column":43}},{"start":{"line":22,"column":47},"end":{"line":22,"column":72}}]}},"s":{"0":7,"1":3,"2":3,"3":3,"4":3,"5":7,"6":7,"7":3,"8":3,"9":3,"10":3,"11":3,"12":7},"f":{"0":3,"1":3},"b":{"0":[3,0],"1":[0,3],"2":[3,3],"3":[1,2],"4":[3,3]}}
,"/Users/macbookpro/Documents/NodeApps/YourGallery/backend/src/helpers/generateJwt.ts": {"path":"/Users/macbookpro/Documents/NodeApps/YourGallery/backend/src/helpers/generateJwt.ts","statementMap":{"0":{"start":{"line":2,"column":0},"end":{"line":2,"column":36}},"1":{"start":{"line":4,"column":32},"end":{"line":10,"column":1}},"2":{"start":{"line":6,"column":29},"end":{"line":6,"column":88}},"3":{"start":{"line":7,"column":2},"end":{"line":7,"column":47}},"4":{"start":{"line":8,"column":21},"end":{"line":8,"column":91}},"5":{"start":{"line":9,"column":3},"end":{"line":9,"column":16}},"6":{"start":{"line":4,"column":13},"end":{"line":4,"column":32}}},"fnMap":{"0":{"name":"(anonymous_6)","decl":{"start":{"line":4,"column":32},"end":{"line":4,"column":33}},"loc":{"start":{"line":4,"column":57},"end":{"line":10,"column":1}}}},"branchMap":{},"s":{"0":5,"1":5,"2":5,"3":5,"4":5,"5":5,"6":5},"f":{"0":5},"b":{}}
,"/Users/macbookpro/Documents/NodeApps/YourGallery/backend/src/middleware/CustomErrorException/ValidationExceptionHandler.ts": {"path":"/Users/macbookpro/Documents/NodeApps/YourGallery/backend/src/middleware/CustomErrorException/ValidationExceptionHandler.ts","statementMap":{"0":{"start":{"line":3,"column":0},"end":{"line":3,"column":null}},"1":{"start":{"line":13,"column":6},"end":{"line":13,"column":27}},"2":{"start":{"line":14,"column":6},"end":{"line":14,"column":29}},"3":{"start":{"line":15,"column":6},"end":{"line":15,"column":29}},"4":{"start":{"line":16,"column":6},"end":{"line":16,"column":23}},"5":{"start":{"line":20,"column":0},"end":{"line":20,"column":null}}},"fnMap":{"0":{"name":"(anonymous_0)","decl":{"start":{"line":3,"column":0},"end":{"line":3,"column":null}},"loc":{"start":{"line":3,"column":0},"end":{"line":20,"column":null}}},"1":{"name":"ValidationException","decl":{"start":{"line":10,"column":2},"end":{"line":10,"column":14}},"loc":{"start":{"line":10,"column":65},"end":{"line":17,"column":3}}}},"branchMap":{},"s":{"0":2,"1":0,"2":0,"3":0,"4":0,"5":2},"f":{"0":2,"1":0},"b":{}}
,"/Users/macbookpro/Documents/NodeApps/YourGallery/backend/src/middleware/jwt/checkjwt.ts": {"path":"/Users/macbookpro/Documents/NodeApps/YourGallery/backend/src/middleware/jwt/checkjwt.ts","statementMap":{"0":{"start":{"line":2,"column":0},"end":{"line":2,"column":36}},"1":{"start":{"line":3,"column":0},"end":{"line":3,"column":70}},"2":{"start":{"line":5,"column":23},"end":{"line":5,"column":49}},"3":{"start":{"line":7,"column":24},"end":{"line":41,"column":1}},"4":{"start":{"line":10,"column":41},"end":{"line":10,"column":66}},"5":{"start":{"line":11,"column":2},"end":{"line":11,"column":31}},"6":{"start":{"line":12,"column":2},"end":{"line":15,"column":null}},"7":{"start":{"line":14,"column":4},"end":{"line":14,"column":71}},"8":{"start":{"line":17,"column":33},"end":{"line":17,"column":59}},"9":{"start":{"line":18,"column":2},"end":{"line":18,"column":36}},"10":{"start":{"line":19,"column":16},"end":{"line":19,"column":39}},"11":{"start":{"line":20,"column":2},"end":{"line":20,"column":29}},"12":{"start":{"line":21,"column":3},"end":{"line":21,"column":22}},"13":{"start":{"line":25,"column":2},"end":{"line":31,"column":null}},"14":{"start":{"line":26,"column":4},"end":{"line":26,"column":73}},"15":{"start":{"line":27,"column":4},"end":{"line":27,"column":39}},"16":{"start":{"line":30,"column":4},"end":{"line":30,"column":71}},"17":{"start":{"line":34,"column":29},"end":{"line":34,"column":40}},"18":{"start":{"line":35,"column":19},"end":{"line":37,"column":4}},"19":{"start":{"line":38,"column":2},"end":{"line":38,"column":35}},"20":{"start":{"line":40,"column":2},"end":{"line":40,"column":9}},"21":{"start":{"line":7,"column":13},"end":{"line":7,"column":24}}},"fnMap":{"0":{"name":"(anonymous_7)","decl":{"start":{"line":7,"column":24},"end":{"line":7,"column":25}},"loc":{"start":{"line":7,"column":72},"end":{"line":41,"column":1}}}},"branchMap":{"0":{"loc":{"start":{"line":12,"column":2},"end":{"line":15,"column":null}},"type":"if","locations":[{"start":{"line":12,"column":2},"end":{"line":15,"column":null}},{"start":{"line":12,"column":2},"end":{"line":15,"column":null}}]},"1":{"loc":{"start":{"line":12,"column":5},"end":{"line":12,"column":26}},"type":"binary-expr","locations":[{"start":{"line":12,"column":5},"end":{"line":12,"column":26}},{"start":{"line":12,"column":30},"end":{"line":12,"column":58}},{"start":{"line":12,"column":62},"end":{"line":12,"column":85}}]}},"s":{"0":4,"1":4,"2":4,"3":4,"4":5,"5":5,"6":5,"7":0,"8":5,"9":5,"10":5,"11":5,"12":5,"13":5,"14":5,"15":4,"16":1,"17":12,"18":4,"19":4,"20":4,"21":4},"f":{"0":5},"b":{"0":[0,5],"1":[5,5,5]}}
,"/Users/macbookpro/Documents/NodeApps/YourGallery/backend/src/middleware/jwt/getUserPayload.ts": {"path":"/Users/macbookpro/Documents/NodeApps/YourGallery/backend/src/middleware/jwt/getUserPayload.ts","statementMap":{"0":{"start":{"line":2,"column":0},"end":{"line":2,"column":36}},"1":{"start":{"line":3,"column":0},"end":{"line":3,"column":70}},"2":{"start":{"line":6,"column":23},"end":{"line":6,"column":49}},"3":{"start":{"line":8,"column":30},"end":{"line":27,"column":1}},"4":{"start":{"line":11,"column":34},"end":{"line":11,"column":62}},"5":{"start":{"line":12,"column":31},"end":{"line":12,"column":57}},"6":{"start":{"line":13,"column":16},"end":{"line":13,"column":39}},"7":{"start":{"line":14,"column":2},"end":{"line":14,"column":21}},"8":{"start":{"line":18,"column":2},"end":{"line":25,"column":null}},"9":{"start":{"line":19,"column":4},"end":{"line":19,"column":73}},"10":{"start":{"line":20,"column":4},"end":{"line":20,"column":39}},"11":{"start":{"line":21,"column":4},"end":{"line":21,"column":28}},"12":{"start":{"line":24,"column":3},"end":{"line":24,"column":70}},"13":{"start":{"line":26,"column":2},"end":{"line":26,"column":20}},"14":{"start":{"line":8,"column":13},"end":{"line":8,"column":30}}},"fnMap":{"0":{"name":"(anonymous_7)","decl":{"start":{"line":8,"column":30},"end":{"line":8,"column":31}},"loc":{"start":{"line":8,"column":58},"end":{"line":27,"column":1}}}},"branchMap":{},"s":{"0":6,"1":6,"2":6,"3":6,"4":3,"5":3,"6":3,"7":3,"8":3,"9":3,"10":2,"11":2,"12":1,"13":2,"14":6},"f":{"0":3},"b":{}}
,"/Users/macbookpro/Documents/NodeApps/YourGallery/backend/src/middleware/validators/CreateGalleryValidator.ts": {"path":"/Users/macbookpro/Documents/NodeApps/YourGallery/backend/src/middleware/validators/CreateGalleryValidator.ts","statementMap":{"0":{"start":{"line":1,"column":0},"end":{"line":1,"column":22}},"1":{"start":{"line":5,"column":25},"end":{"line":54,"column":4}},"2":{"start":{"line":8,"column":30},"end":{"line":8,"column":80}},"3":{"start":{"line":10,"column":37},"end":{"line":12,"column":9}},"4":{"start":{"line":14,"column":34},"end":{"line":16,"column":null}},"5":{"start":{"line":18,"column":37},"end":{"line":18,"column":65}},"6":{"start":{"line":20,"column":6},"end":{"line":26,"column":null}},"7":{"start":{"line":22,"column":9},"end":{"line":25,"column":null}},"8":{"start":{"line":28,"column":6},"end":{"line":34,"column":null}},"9":{"start":{"line":30,"column":8},"end":{"line":33,"column":null}},"10":{"start":{"line":37,"column":7},"end":{"line":45,"column":null}},"11":{"start":{"line":40,"column":8},"end":{"line":43,"column":null}},"12":{"start":{"line":47,"column":5},"end":{"line":47,"column":48}},"13":{"start":{"line":49,"column":7},"end":{"line":51,"column":9}},"14":{"start":{"line":62,"column":23},"end":{"line":62,"column":44}}},"fnMap":{"0":{"name":"(anonymous_1)","decl":{"start":{"line":5,"column":25},"end":{"line":5,"column":26}},"loc":{"start":{"line":5,"column":51},"end":{"line":54,"column":4}}}},"branchMap":{"0":{"loc":{"start":{"line":15,"column":26},"end":{"line":15,"column":28}},"type":"cond-expr","locations":[{"start":{"line":15,"column":26},"end":{"line":15,"column":28}},{"start":{"line":15,"column":15},"end":{"line":15,"column":33}}]},"1":{"loc":{"start":{"line":15,"column":15},"end":{"line":15,"column":28}},"type":"binary-expr","locations":[{"start":{"line":15,"column":15},"end":{"line":15,"column":28}},{"start":{"line":15,"column":15},"end":{"line":15,"column":28}}]},"2":{"loc":{"start":{"line":20,"column":6},"end":{"line":26,"column":null}},"type":"if","locations":[{"start":{"line":20,"column":6},"end":{"line":26,"column":null}},{"start":{"line":20,"column":6},"end":{"line":26,"column":null}}]},"3":{"loc":{"start":{"line":24,"column":55},"end":{"line":24,"column":57}},"type":"cond-expr","locations":[{"start":{"line":24,"column":55},"end":{"line":24,"column":57}},{"start":{"line":24,"column":55},"end":{"line":24,"column":64}}]},"4":{"loc":{"start":{"line":24,"column":18},"end":{"line":24,"column":57}},"type":"binary-expr","locations":[{"start":{"line":24,"column":18},"end":{"line":24,"column":57}},{"start":{"line":24,"column":55},"end":{"line":24,"column":57}}]},"5":{"loc":{"start":{"line":24,"column":43},"end":{"line":24,"column":45}},"type":"cond-expr","locations":[{"start":{"line":24,"column":43},"end":{"line":24,"column":45}},{"start":{"line":24,"column":43},"end":{"line":24,"column":55}}]},"6":{"loc":{"start":{"line":24,"column":18},"end":{"line":24,"column":45}},"type":"binary-expr","locations":[{"start":{"line":24,"column":18},"end":{"line":24,"column":45}},{"start":{"line":24,"column":43},"end":{"line":24,"column":45}}]},"7":{"loc":{"start":{"line":24,"column":36},"end":{"line":24,"column":38}},"type":"cond-expr","locations":[{"start":{"line":24,"column":36},"end":{"line":24,"column":38}},{"start":{"line":24,"column":18},"end":{"line":24,"column":43}}]},"8":{"loc":{"start":{"line":24,"column":18},"end":{"line":24,"column":38}},"type":"binary-expr","locations":[{"start":{"line":24,"column":18},"end":{"line":24,"column":38}},{"start":{"line":24,"column":18},"end":{"line":24,"column":38}}]},"9":{"loc":{"start":{"line":28,"column":6},"end":{"line":34,"column":null}},"type":"if","locations":[{"start":{"line":28,"column":6},"end":{"line":34,"column":null}},{"start":{"line":28,"column":6},"end":{"line":34,"column":null}}]},"10":{"loc":{"start":{"line":37,"column":7},"end":{"line":45,"column":null}},"type":"if","locations":[{"start":{"line":37,"column":7},"end":{"line":45,"column":null}},{"start":{"line":37,"column":7},"end":{"line":45,"column":null}}]}},"s":{"0":6,"1":6,"2":2,"3":2,"4":2,"5":2,"6":2,"7":1,"8":1,"9":0,"10":1,"11":0,"12":1,"13":1,"14":6},"f":{"0":2},"b":{"0":[0,2],"1":[2,2],"2":[1,1],"3":[0,1],"4":[1,1],"5":[0,1],"6":[1,1],"7":[0,1],"8":[1,1],"9":[0,1],"10":[0,1]}}
,"/Users/macbookpro/Documents/NodeApps/YourGallery/backend/src/middleware/validators/LoginUserValidator.ts": {"path":"/Users/macbookpro/Documents/NodeApps/YourGallery/backend/src/middleware/validators/LoginUserValidator.ts","statementMap":{"0":{"start":{"line":2,"column":0},"end":{"line":2,"column":22}},"1":{"start":{"line":11,"column":25},"end":{"line":37,"column":4}},"2":{"start":{"line":13,"column":37},"end":{"line":16,"column":9}},"3":{"start":{"line":18,"column":27},"end":{"line":21,"column":null}},"4":{"start":{"line":23,"column":37},"end":{"line":23,"column":65}},"5":{"start":{"line":25,"column":6},"end":{"line":31,"column":null}},"6":{"start":{"line":27,"column":9},"end":{"line":30,"column":null}},"7":{"start":{"line":33,"column":7},"end":{"line":35,"column":9}},"8":{"start":{"line":45,"column":23},"end":{"line":45,"column":42}}},"fnMap":{"0":{"name":"(anonymous_1)","decl":{"start":{"line":11,"column":25},"end":{"line":11,"column":26}},"loc":{"start":{"line":11,"column":66},"end":{"line":37,"column":4}}}},"branchMap":{"0":{"loc":{"start":{"line":19,"column":26},"end":{"line":19,"column":28}},"type":"cond-expr","locations":[{"start":{"line":19,"column":26},"end":{"line":19,"column":28}},{"start":{"line":19,"column":15},"end":{"line":19,"column":33}}]},"1":{"loc":{"start":{"line":19,"column":15},"end":{"line":19,"column":28}},"type":"binary-expr","locations":[{"start":{"line":19,"column":15},"end":{"line":19,"column":28}},{"start":{"line":19,"column":15},"end":{"line":19,"column":28}}]},"2":{"loc":{"start":{"line":20,"column":29},"end":{"line":20,"column":31}},"type":"cond-expr","locations":[{"start":{"line":20,"column":29},"end":{"line":20,"column":31}},{"start":{"line":20,"column":18},"end":{"line":20,"column":39}}]},"3":{"loc":{"start":{"line":20,"column":18},"end":{"line":20,"column":31}},"type":"binary-expr","locations":[{"start":{"line":20,"column":18},"end":{"line":20,"column":31}},{"start":{"line":20,"column":18},"end":{"line":20,"column":31}}]},"4":{"loc":{"start":{"line":25,"column":6},"end":{"line":31,"column":null}},"type":"if","locations":[{"start":{"line":25,"column":6},"end":{"line":31,"column":null}},{"start":{"line":25,"column":6},"end":{"line":31,"column":null}}]},"5":{"loc":{"start":{"line":29,"column":55},"end":{"line":29,"column":57}},"type":"cond-expr","locations":[{"start":{"line":29,"column":55},"end":{"line":29,"column":57}},{"start":{"line":29,"column":55},"end":{"line":29,"column":64}}]},"6":{"loc":{"start":{"line":29,"column":18},"end":{"line":29,"column":57}},"type":"binary-expr","locations":[{"start":{"line":29,"column":18},"end":{"line":29,"column":57}},{"start":{"line":29,"column":55},"end":{"line":29,"column":57}}]},"7":{"loc":{"start":{"line":29,"column":43},"end":{"line":29,"column":45}},"type":"cond-expr","locations":[{"start":{"line":29,"column":43},"end":{"line":29,"column":45}},{"start":{"line":29,"column":43},"end":{"line":29,"column":55}}]},"8":{"loc":{"start":{"line":29,"column":18},"end":{"line":29,"column":45}},"type":"binary-expr","locations":[{"start":{"line":29,"column":18},"end":{"line":29,"column":45}},{"start":{"line":29,"column":43},"end":{"line":29,"column":45}}]},"9":{"loc":{"start":{"line":29,"column":36},"end":{"line":29,"column":38}},"type":"cond-expr","locations":[{"start":{"line":29,"column":36},"end":{"line":29,"column":38}},{"start":{"line":29,"column":18},"end":{"line":29,"column":43}}]},"10":{"loc":{"start":{"line":29,"column":18},"end":{"line":29,"column":38}},"type":"binary-expr","locations":[{"start":{"line":29,"column":18},"end":{"line":29,"column":38}},{"start":{"line":29,"column":18},"end":{"line":29,"column":38}}]}},"s":{"0":6,"1":6,"2":2,"3":2,"4":2,"5":2,"6":1,"7":1,"8":6},"f":{"0":2},"b":{"0":[0,2],"1":[2,2],"2":[0,2],"3":[2,2],"4":[1,1],"5":[0,1],"6":[1,1],"7":[0,1],"8":[1,1],"9":[0,1],"10":[1,1]}}
,"/Users/macbookpro/Documents/NodeApps/YourGallery/backend/src/middleware/validators/RegisterUserValidator.ts": {"path":"/Users/macbookpro/Documents/NodeApps/YourGallery/backend/src/middleware/validators/RegisterUserValidator.ts","statementMap":{"0":{"start":{"line":2,"column":0},"end":{"line":2,"column":22}},"1":{"start":{"line":11,"column":25},"end":{"line":42,"column":4}},"2":{"start":{"line":13,"column":37},"end":{"line":17,"column":9}},"3":{"start":{"line":19,"column":27},"end":{"line":23,"column":null}},"4":{"start":{"line":25,"column":37},"end":{"line":25,"column":65}},"5":{"start":{"line":27,"column":6},"end":{"line":33,"column":null}},"6":{"start":{"line":29,"column":9},"end":{"line":32,"column":null}},"7":{"start":{"line":35,"column":7},"end":{"line":37,"column":9}},"8":{"start":{"line":51,"column":23},"end":{"line":51,"column":45}}},"fnMap":{"0":{"name":"(anonymous_1)","decl":{"start":{"line":11,"column":25},"end":{"line":11,"column":26}},"loc":{"start":{"line":11,"column":67},"end":{"line":42,"column":4}}}},"branchMap":{"0":{"loc":{"start":{"line":20,"column":25},"end":{"line":20,"column":27}},"type":"cond-expr","locations":[{"start":{"line":20,"column":25},"end":{"line":20,"column":27}},{"start":{"line":20,"column":14},"end":{"line":20,"column":31}}]},"1":{"loc":{"start":{"line":20,"column":14},"end":{"line":20,"column":27}},"type":"binary-expr","locations":[{"start":{"line":20,"column":14},"end":{"line":20,"column":27}},{"start":{"line":20,"column":14},"end":{"line":20,"column":27}}]},"2":{"loc":{"start":{"line":21,"column":26},"end":{"line":21,"column":28}},"type":"cond-expr","locations":[{"start":{"line":21,"column":26},"end":{"line":21,"column":28}},{"start":{"line":21,"column":15},"end":{"line":21,"column":33}}]},"3":{"loc":{"start":{"line":21,"column":15},"end":{"line":21,"column":28}},"type":"binary-expr","locations":[{"start":{"line":21,"column":15},"end":{"line":21,"column":28}},{"start":{"line":21,"column":15},"end":{"line":21,"column":28}}]},"4":{"loc":{"start":{"line":22,"column":29},"end":{"line":22,"column":31}},"type":"cond-expr","locations":[{"start":{"line":22,"column":29},"end":{"line":22,"column":31}},{"start":{"line":22,"column":18},"end":{"line":22,"column":39}}]},"5":{"loc":{"start":{"line":22,"column":18},"end":{"line":22,"column":31}},"type":"binary-expr","locations":[{"start":{"line":22,"column":18},"end":{"line":22,"column":31}},{"start":{"line":22,"column":18},"end":{"line":22,"column":31}}]},"6":{"loc":{"start":{"line":27,"column":6},"end":{"line":33,"column":null}},"type":"if","locations":[{"start":{"line":27,"column":6},"end":{"line":33,"column":null}},{"start":{"line":27,"column":6},"end":{"line":33,"column":null}}]},"7":{"loc":{"start":{"line":31,"column":55},"end":{"line":31,"column":57}},"type":"cond-expr","locations":[{"start":{"line":31,"column":55},"end":{"line":31,"column":57}},{"start":{"line":31,"column":55},"end":{"line":31,"column":64}}]},"8":{"loc":{"start":{"line":31,"column":18},"end":{"line":31,"column":57}},"type":"binary-expr","locations":[{"start":{"line":31,"column":18},"end":{"line":31,"column":57}},{"start":{"line":31,"column":55},"end":{"line":31,"column":57}}]},"9":{"loc":{"start":{"line":31,"column":43},"end":{"line":31,"column":45}},"type":"cond-expr","locations":[{"start":{"line":31,"column":43},"end":{"line":31,"column":45}},{"start":{"line":31,"column":43},"end":{"line":31,"column":55}}]},"10":{"loc":{"start":{"line":31,"column":18},"end":{"line":31,"column":45}},"type":"binary-expr","locations":[{"start":{"line":31,"column":18},"end":{"line":31,"column":45}},{"start":{"line":31,"column":43},"end":{"line":31,"column":45}}]},"11":{"loc":{"start":{"line":31,"column":36},"end":{"line":31,"column":38}},"type":"cond-expr","locations":[{"start":{"line":31,"column":36},"end":{"line":31,"column":38}},{"start":{"line":31,"column":18},"end":{"line":31,"column":43}}]},"12":{"loc":{"start":{"line":31,"column":18},"end":{"line":31,"column":38}},"type":"binary-expr","locations":[{"start":{"line":31,"column":18},"end":{"line":31,"column":38}},{"start":{"line":31,"column":18},"end":{"line":31,"column":38}}]}},"s":{"0":6,"1":6,"2":2,"3":2,"4":2,"5":2,"6":1,"7":1,"8":6},"f":{"0":2},"b":{"0":[0,2],"1":[2,2],"2":[0,2],"3":[2,2],"4":[0,2],"5":[2,2],"6":[1,1],"7":[0,1],"8":[1,1],"9":[0,1],"10":[1,1],"11":[0,1],"12":[1,1]}}
,"/Users/macbookpro/Documents/NodeApps/YourGallery/backend/src/middleware/validators/UpdateGalleryValidator.ts": {"path":"/Users/macbookpro/Documents/NodeApps/YourGallery/backend/src/middleware/validators/UpdateGalleryValidator.ts","statementMap":{"0":{"start":{"line":1,"column":0},"end":{"line":1,"column":22}},"1":{"start":{"line":8,"column":25},"end":{"line":52,"column":3}},"2":{"start":{"line":11,"column":21},"end":{"line":11,"column":71}},"3":{"start":{"line":13,"column":36},"end":{"line":16,"column":8}},"4":{"start":{"line":18,"column":26},"end":{"line":20,"column":null}},"5":{"start":{"line":22,"column":36},"end":{"line":22,"column":64}},"6":{"start":{"line":24,"column":5},"end":{"line":30,"column":null}},"7":{"start":{"line":26,"column":8},"end":{"line":29,"column":null}},"8":{"start":{"line":32,"column":5},"end":{"line":37,"column":null}},"9":{"start":{"line":34,"column":7},"end":{"line":36,"column":null}},"10":{"start":{"line":39,"column":6},"end":{"line":45,"column":null}},"11":{"start":{"line":41,"column":7},"end":{"line":44,"column":null}},"12":{"start":{"line":47,"column":6},"end":{"line":49,"column":8}},"13":{"start":{"line":58,"column":23},"end":{"line":58,"column":41}}},"fnMap":{"0":{"name":"(anonymous_1)","decl":{"start":{"line":8,"column":25},"end":{"line":8,"column":26}},"loc":{"start":{"line":8,"column":51},"end":{"line":52,"column":3}}}},"branchMap":{"0":{"loc":{"start":{"line":19,"column":25},"end":{"line":19,"column":27}},"type":"cond-expr","locations":[{"start":{"line":19,"column":25},"end":{"line":19,"column":27}},{"start":{"line":19,"column":14},"end":{"line":19,"column":32}}]},"1":{"loc":{"start":{"line":19,"column":14},"end":{"line":19,"column":27}},"type":"binary-expr","locations":[{"start":{"line":19,"column":14},"end":{"line":19,"column":27}},{"start":{"line":19,"column":14},"end":{"line":19,"column":27}}]},"2":{"loc":{"start":{"line":24,"column":5},"end":{"line":30,"column":null}},"type":"if","locations":[{"start":{"line":24,"column":5},"end":{"line":30,"column":null}},{"start":{"line":24,"column":5},"end":{"line":30,"column":null}}]},"3":{"loc":{"start":{"line":28,"column":54},"end":{"line":28,"column":56}},"type":"cond-expr","locations":[{"start":{"line":28,"column":54},"end":{"line":28,"column":56}},{"start":{"line":28,"column":54},"end":{"line":28,"column":63}}]},"4":{"loc":{"start":{"line":28,"column":17},"end":{"line":28,"column":56}},"type":"binary-expr","locations":[{"start":{"line":28,"column":17},"end":{"line":28,"column":56}},{"start":{"line":28,"column":54},"end":{"line":28,"column":56}}]},"5":{"loc":{"start":{"line":28,"column":42},"end":{"line":28,"column":44}},"type":"cond-expr","locations":[{"start":{"line":28,"column":42},"end":{"line":28,"column":44}},{"start":{"line":28,"column":42},"end":{"line":28,"column":54}}]},"6":{"loc":{"start":{"line":28,"column":17},"end":{"line":28,"column":44}},"type":"binary-expr","locations":[{"start":{"line":28,"column":17},"end":{"line":28,"column":44}},{"start":{"line":28,"column":42},"end":{"line":28,"column":44}}]},"7":{"loc":{"start":{"line":28,"column":35},"end":{"line":28,"column":37}},"type":"cond-expr","locations":[{"start":{"line":28,"column":35},"end":{"line":28,"column":37}},{"start":{"line":28,"column":17},"end":{"line":28,"column":42}}]},"8":{"loc":{"start":{"line":28,"column":17},"end":{"line":28,"column":37}},"type":"binary-expr","locations":[{"start":{"line":28,"column":17},"end":{"line":28,"column":37}},{"start":{"line":28,"column":17},"end":{"line":28,"column":37}}]},"9":{"loc":{"start":{"line":32,"column":5},"end":{"line":37,"column":null}},"type":"if","locations":[{"start":{"line":32,"column":5},"end":{"line":37,"column":null}},{"start":{"line":32,"column":5},"end":{"line":37,"column":null}}]},"10":{"loc":{"start":{"line":39,"column":6},"end":{"line":45,"column":null}},"type":"if","locations":[{"start":{"line":39,"column":6},"end":{"line":45,"column":null}},{"start":{"line":39,"column":6},"end":{"line":45,"column":null}}]}},"s":{"0":6,"1":6,"2":2,"3":2,"4":2,"5":2,"6":2,"7":1,"8":1,"9":0,"10":1,"11":0,"12":1,"13":6},"f":{"0":2},"b":{"0":[0,2],"1":[2,2],"2":[1,1],"3":[0,1],"4":[1,1],"5":[0,1],"6":[1,1],"7":[0,1],"8":[1,1],"9":[0,1],"10":[0,1]}}
,"/Users/macbookpro/Documents/NodeApps/YourGallery/backend/src/routes/auth.ts": {"path":"/Users/macbookpro/Documents/NodeApps/YourGallery/backend/src/routes/auth.ts","statementMap":{"0":{"start":{"line":1,"column":0},"end":{"line":1,"column":25}},"1":{"start":{"line":2,"column":0},"end":{"line":2,"column":33}},"2":{"start":{"line":3,"column":0},"end":{"line":3,"column":63}},"3":{"start":{"line":4,"column":0},"end":{"line":4,"column":35}},"4":{"start":{"line":6,"column":13},"end":{"line":6,"column":46}},"5":{"start":{"line":9,"column":15},"end":{"line":9,"column":23}},"6":{"start":{"line":11,"column":0},"end":{"line":11,"column":34}},"7":{"start":{"line":12,"column":0},"end":{"line":12,"column":40}},"8":{"start":{"line":15,"column":0},"end":{"line":15,"column":22}}},"fnMap":{},"branchMap":{},"s":{"0":4,"1":4,"2":4,"3":4,"4":4,"5":4,"6":4,"7":4,"8":4},"f":{},"b":{}}
,"/Users/macbookpro/Documents/NodeApps/YourGallery/backend/src/routes/index.ts": {"path":"/Users/macbookpro/Documents/NodeApps/YourGallery/backend/src/routes/index.ts","statementMap":{"0":{"start":{"line":1,"column":0},"end":{"line":1,"column":52}},"1":{"start":{"line":2,"column":0},"end":{"line":2,"column":54}},"2":{"start":{"line":3,"column":0},"end":{"line":3,"column":26}},"3":{"start":{"line":4,"column":0},"end":{"line":4,"column":26}},"4":{"start":{"line":6,"column":15},"end":{"line":6,"column":23}},"5":{"start":{"line":8,"column":0},"end":{"line":8,"column":27}},"6":{"start":{"line":9,"column":0},"end":{"line":9,"column":38}},"7":{"start":{"line":11,"column":0},"end":{"line":11,"column":22}}},"fnMap":{},"branchMap":{},"s":{"0":3,"1":3,"2":3,"3":3,"4":3,"5":3,"6":3,"7":3},"f":{},"b":{}}
,"/Users/macbookpro/Documents/NodeApps/YourGallery/backend/src/routes/user.ts": {"path":"/Users/macbookpro/Documents/NodeApps/YourGallery/backend/src/routes/user.ts","statementMap":{"0":{"start":{"line":1,"column":0},"end":{"line":1,"column":25}},"1":{"start":{"line":2,"column":0},"end":{"line":2,"column":33}},"2":{"start":{"line":3,"column":0},"end":{"line":3,"column":37}},"3":{"start":{"line":4,"column":0},"end":{"line":4,"column":69}},"4":{"start":{"line":8,"column":16},"end":{"line":8,"column":52}},"5":{"start":{"line":10,"column":15},"end":{"line":10,"column":23}},"6":{"start":{"line":13,"column":0},"end":{"line":13,"column":47}},"7":{"start":{"line":14,"column":0},"end":{"line":14,"column":43}},"8":{"start":{"line":15,"column":0},"end":{"line":15,"column":52}},"9":{"start":{"line":16,"column":0},"end":{"line":16,"column":52}},"10":{"start":{"line":18,"column":0},"end":{"line":18,"column":22}}},"fnMap":{},"branchMap":{},"s":{"0":4,"1":4,"2":4,"3":4,"4":4,"5":4,"6":4,"7":4,"8":4,"9":4,"10":4},"f":{},"b":{}}
,"/Users/macbookpro/Documents/NodeApps/YourGallery/backend/src/services/GalleryService.ts": {"path":"/Users/macbookpro/Documents/NodeApps/YourGallery/backend/src/services/GalleryService.ts","statementMap":{"0":{"start":{"line":1,"column":0},"end":{"line":1,"column":40}},"1":{"start":{"line":2,"column":0},"end":{"line":2,"column":67}},"2":{"start":{"line":3,"column":0},"end":{"line":3,"column":77}},"3":{"start":{"line":10,"column":0},"end":{"line":10,"column":null}},"4":{"start":{"line":15,"column":17},"end":{"line":32,"column":null}},"5":{"start":{"line":17,"column":13},"end":{"line":17,"column":57}},"6":{"start":{"line":19,"column":24},"end":{"line":29,"column":null}},"7":{"start":{"line":19,"column":14},"end":{"line":29,"column":null}},"8":{"start":{"line":31,"column":13},"end":{"line":31,"column":30}},"9":{"start":{"line":31,"column":30},"end":{"line":31,"column":63}},"10":{"start":{"line":31,"column":6},"end":{"line":31,"column":94}},"11":{"start":{"line":35,"column":17},"end":{"line":45,"column":null}},"12":{"start":{"line":37,"column":28},"end":{"line":42,"column":null}},"13":{"start":{"line":37,"column":14},"end":{"line":42,"column":null}},"14":{"start":{"line":44,"column":10},"end":{"line":44,"column":28}},"15":{"start":{"line":49,"column":18},"end":{"line":53,"column":null}},"16":{"start":{"line":51,"column":15},"end":{"line":51,"column":64}},"17":{"start":{"line":51,"column":8},"end":{"line":51,"column":64}},"18":{"start":{"line":55,"column":17},"end":{"line":58,"column":null}},"19":{"start":{"line":57,"column":14},"end":{"line":57,"column":69}},"20":{"start":{"line":57,"column":7},"end":{"line":57,"column":69}},"21":{"start":{"line":60,"column":18},"end":{"line":63,"column":null}},"22":{"start":{"line":62,"column":14},"end":{"line":62,"column":60}},"23":{"start":{"line":62,"column":7},"end":{"line":62,"column":60}},"24":{"start":{"line":66,"column":17},"end":{"line":73,"column":null}},"25":{"start":{"line":68,"column":8},"end":{"line":71,"column":12}},"26":{"start":{"line":77,"column":0},"end":{"line":77,"column":null}}},"fnMap":{"0":{"name":"(anonymous_13)","decl":{"start":{"line":10,"column":0},"end":{"line":10,"column":null}},"loc":{"start":{"line":10,"column":0},"end":{"line":77,"column":null}}},"1":{"name":"(anonymous_15)","decl":{"start":{"line":15,"column":4},"end":{"line":15,"column":17}},"loc":{"start":{"line":15,"column":69},"end":{"line":32,"column":null}}},"2":{"name":"(anonymous_18)","decl":{"start":{"line":35,"column":4},"end":{"line":35,"column":17}},"loc":{"start":{"line":35,"column":45},"end":{"line":45,"column":null}}},"3":{"name":"(anonymous_21)","decl":{"start":{"line":49,"column":4},"end":{"line":49,"column":18}},"loc":{"start":{"line":49,"column":48},"end":{"line":53,"column":null}}},"4":{"name":"(anonymous_24)","decl":{"start":{"line":55,"column":4},"end":{"line":55,"column":17}},"loc":{"start":{"line":55,"column":58},"end":{"line":58,"column":null}}},"5":{"name":"(anonymous_27)","decl":{"start":{"line":60,"column":4},"end":{"line":60,"column":18}},"loc":{"start":{"line":60,"column":34},"end":{"line":63,"column":null}}},"6":{"name":"(anonymous_30)","decl":{"start":{"line":66,"column":4},"end":{"line":66,"column":17}},"loc":{"start":{"line":66,"column":45},"end":{"line":73,"column":null}}}},"branchMap":{"0":{"loc":{"start":{"line":31,"column":6},"end":{"line":31,"column":94}},"type":"switch","locations":[{"start":{"line":31,"column":6},"end":{"line":31,"column":94}}]},"1":{"loc":{"start":{"line":37,"column":28},"end":{"line":42,"column":null}},"type":"switch","locations":[{"start":{"line":37,"column":28},"end":{"line":42,"column":null}}]},"2":{"loc":{"start":{"line":51,"column":15},"end":{"line":51,"column":64}},"type":"switch","locations":[{"start":{"line":51,"column":15},"end":{"line":51,"column":64}},{"start":{"line":51,"column":8},"end":{"line":51,"column":64}}]},"3":{"loc":{"start":{"line":57,"column":14},"end":{"line":57,"column":69}},"type":"switch","locations":[{"start":{"line":57,"column":14},"end":{"line":57,"column":69}},{"start":{"line":57,"column":7},"end":{"line":57,"column":69}}]},"4":{"loc":{"start":{"line":62,"column":14},"end":{"line":62,"column":60}},"type":"switch","locations":[{"start":{"line":62,"column":14},"end":{"line":62,"column":60}},{"start":{"line":62,"column":7},"end":{"line":62,"column":60}}]}},"s":{"0":6,"1":6,"2":6,"3":6,"4":6,"5":2,"6":2,"7":2,"8":2,"9":2,"10":2,"11":6,"12":2,"13":2,"14":2,"15":6,"16":2,"17":2,"18":6,"19":2,"20":2,"21":6,"22":2,"23":2,"24":6,"25":3,"26":6},"f":{"0":15,"1":2,"2":2,"3":2,"4":2,"5":2,"6":3},"b":{"0":[2],"1":[2],"2":[2,2],"3":[2,2],"4":[2,2]}}
,"/Users/macbookpro/Documents/NodeApps/YourGallery/backend/src/services/UserService.ts": {"path":"/Users/macbookpro/Documents/NodeApps/YourGallery/backend/src/services/UserService.ts","statementMap":{"0":{"start":{"line":1,"column":0},"end":{"line":1,"column":41}},"1":{"start":{"line":2,"column":0},"end":{"line":2,"column":61}},"2":{"start":{"line":10,"column":0},"end":{"line":10,"column":null}},"3":{"start":{"line":21,"column":12},"end":{"line":28,"column":null}},"4":{"start":{"line":21,"column":54},"end":{"line":28,"column":null}},"5":{"start":{"line":22,"column":6},"end":{"line":27,"column":9}},"6":{"start":{"line":15,"column":18},"end":{"line":19,"column":null}},"7":{"start":{"line":17,"column":25},"end":{"line":17,"column":null}},"8":{"start":{"line":17,"column":14},"end":{"line":17,"column":null}},"9":{"start":{"line":18,"column":8},"end":{"line":18,"column":23}},"10":{"start":{"line":30,"column":17},"end":{"line":37,"column":null}},"11":{"start":{"line":32,"column":6},"end":{"line":36,"column":9}},"12":{"start":{"line":40,"column":17},"end":{"line":49,"column":null}},"13":{"start":{"line":42,"column":26},"end":{"line":47,"column":null}},"14":{"start":{"line":42,"column":12},"end":{"line":47,"column":null}},"15":{"start":{"line":48,"column":6},"end":{"line":48,"column":32}},"16":{"start":{"line":53,"column":0},"end":{"line":53,"column":null}}},"fnMap":{"0":{"name":"(anonymous_13)","decl":{"start":{"line":10,"column":0},"end":{"line":10,"column":null}},"loc":{"start":{"line":10,"column":0},"end":{"line":53,"column":null}}},"1":{"name":"(anonymous_15)","decl":{"start":{"line":21,"column":35},"end":{"line":21,"column":42}},"loc":{"start":{"line":21,"column":54},"end":{"line":28,"column":null}}},"2":{"name":"(anonymous_16)","decl":{"start":{"line":21,"column":54},"end":{"line":21,"column":null}},"loc":{"start":{"line":21,"column":54},"end":{"line":28,"column":null}}},"3":{"name":"(anonymous_18)","decl":{"start":{"line":15,"column":5},"end":{"line":15,"column":18}},"loc":{"start":{"line":15,"column":45},"end":{"line":19,"column":null}}},"4":{"name":"(anonymous_21)","decl":{"start":{"line":30,"column":4},"end":{"line":30,"column":17}},"loc":{"start":{"line":30,"column":53},"end":{"line":37,"column":null}}},"5":{"name":"(anonymous_24)","decl":{"start":{"line":40,"column":4},"end":{"line":40,"column":17}},"loc":{"start":{"line":40,"column":52},"end":{"line":49,"column":null}}}},"branchMap":{"0":{"loc":{"start":{"line":17,"column":25},"end":{"line":17,"column":null}},"type":"switch","locations":[{"start":{"line":17,"column":25},"end":{"line":17,"column":null}}]},"1":{"loc":{"start":{"line":42,"column":26},"end":{"line":47,"column":null}},"type":"switch","locations":[{"start":{"line":42,"column":26},"end":{"line":47,"column":null}}]}},"s":{"0":8,"1":8,"2":20,"3":12,"4":2,"5":2,"6":8,"7":2,"8":2,"9":2,"10":8,"11":2,"12":8,"13":2,"14":2,"15":2,"16":8},"f":{"0":20,"1":2,"2":2,"3":2,"4":2,"5":2},"b":{"0":[2],"1":[2]}}
}
