TN:
SF:src/server.ts
FN:15,(anonymous_7)
FN:20,Server
FN:60,(anonymous_9)
FN:28,(anonymous_10)
FN:35,(anonymous_11)
FN:47,(anonymous_12)
FN:51,(anonymous_13)
FN:69,(anonymous_14)
FNF:8
FNH:6
FNDA:2,(anonymous_7)
FNDA:4,Server
FNDA:2,(anonymous_9)
FNDA:4,(anonymous_10)
FNDA:0,(anonymous_11)
FNDA:2,(anonymous_12)
FNDA:0,(anonymous_13)
FNDA:2,(anonymous_14)
DA:1,2
DA:2,2
DA:4,2
DA:5,2
DA:6,2
DA:7,2
DA:8,2
DA:9,2
DA:10,2
DA:15,2
DA:20,4
DA:23,4
DA:24,4
DA:28,2
DA:30,4
DA:31,4
DA:32,4
DA:33,4
DA:34,4
DA:35,4
DA:36,0
DA:37,0
DA:40,4
DA:41,4
DA:47,2
DA:49,2
DA:51,0
DA:53,0
DA:60,4
DA:62,2
DA:66,2
DA:68,2
DA:69,2
DA:70,2
DA:71,2
LF:35
LH:31
BRDA:30,0,0,4
BRDA:30,0,1,0
BRDA:36,1,0,0
BRDA:36,1,1,0
BRDA:49,2,0,0
BRDA:49,2,1,2
BRF:6
BRH:2
end_of_record
TN:
SF:src/__test__/database/databaseConnection.ts
FNF:0
FNH:0
DA:1,2
DA:6,2
LF:2
LH:2
BRF:0
BRH:0
end_of_record
TN:
SF:src/controllers/AuthController.ts
FN:21,(anonymous_22)
FN:27,AuthController
FN:33,(anonymous_24)
FN:33,(anonymous_25)
FN:72,(anonymous_27)
FN:72,(anonymous_28)
FN:89,(anonymous_30)
FN:89,(anonymous_31)
FN:123,(anonymous_33)
FNF:9
FNH:9
FNDA:5,(anonymous_22)
FNDA:8,AuthController
FNDA:2,(anonymous_24)
FNDA:2,(anonymous_25)
FNDA:2,(anonymous_27)
FNDA:2,(anonymous_28)
FNDA:2,(anonymous_30)
FNDA:2,(anonymous_31)
FNDA:2,(anonymous_33)
DA:1,5
DA:4,5
DA:5,5
DA:6,5
DA:9,5
DA:11,5
DA:13,5
DA:14,5
DA:21,5
DA:27,8
DA:29,8
DA:30,8
DA:33,8
DA:35,2
DA:37,2
DA:39,2
DA:41,0
DA:46,2
DA:48,2
DA:51,2
DA:53,0
DA:56,2
DA:58,2
DA:62,0
DA:72,8
DA:75,2
DA:77,2
DA:81,2
DA:83,0
DA:85,2
DA:89,8
DA:91,2
DA:93,2
DA:95,2
DA:97,0
DA:100,2
DA:102,2
DA:104,0
DA:107,2
DA:114,2
DA:116,4
DA:119,2
DA:123,8
DA:126,2
DA:130,5
LF:45
LH:39
BRDA:39,0,0,0
BRDA:39,0,1,2
BRDA:39,1,0,1
BRDA:39,1,1,1
BRDA:39,2,0,2
BRDA:39,2,1,2
BRDA:41,3,0,0
BRDA:41,3,1,0
BRDA:41,4,0,0
BRDA:41,4,1,0
BRDA:51,5,0,0
BRDA:51,5,1,2
BRDA:75,6,0,0
BRDA:75,6,1,2
BRDA:75,7,0,2
BRDA:75,7,1,2
BRDA:81,8,0,0
BRDA:81,8,1,2
BRDA:95,9,0,0
BRDA:95,9,1,2
BRDA:95,10,0,1
BRDA:95,10,1,1
BRDA:95,11,0,2
BRDA:95,11,1,2
BRDA:97,12,0,0
BRDA:97,12,1,0
BRDA:97,13,0,0
BRDA:97,13,1,0
BRDA:102,14,0,0
BRDA:102,14,1,2
BRF:30
BRH:16
end_of_record
TN:
SF:src/controllers/GalleryController.ts
FN:22,(anonymous_16)
FN:29,GalleryController
FN:38,(anonymous_18)
FN:38,(anonymous_19)
FN:52,(anonymous_21)
FN:52,(anonymous_22)
FN:57,(anonymous_24)
FN:57,(anonymous_25)
FN:86,(anonymous_27)
FN:88,(anonymous_28)
FN:90,(anonymous_30)
FN:90,(anonymous_31)
FN:115,(anonymous_33)
FN:115,(anonymous_34)
FN:120,(anonymous_36)
FN:120,(anonymous_37)
FN:149,(anonymous_39)
FN:153,(anonymous_40)
FN:153,(anonymous_41)
FN:175,(anonymous_43)
FN:175,(anonymous_44)
FN:191,(anonymous_46)
FN:191,(anonymous_47)
FN:203,(anonymous_49)
FN:203,(anonymous_50)
FNF:25
FNH:25
FNDA:5,(anonymous_16)
FNDA:12,GalleryController
FNDA:2,(anonymous_18)
FNDA:2,(anonymous_19)
FNDA:2,(anonymous_21)
FNDA:2,(anonymous_22)
FNDA:2,(anonymous_24)
FNDA:2,(anonymous_25)
FNDA:3,(anonymous_27)
FNDA:3,(anonymous_28)
FNDA:2,(anonymous_30)
FNDA:2,(anonymous_31)
FNDA:2,(anonymous_33)
FNDA:2,(anonymous_34)
FNDA:2,(anonymous_36)
FNDA:2,(anonymous_37)
FNDA:3,(anonymous_39)
FNDA:2,(anonymous_40)
FNDA:2,(anonymous_41)
FNDA:1,(anonymous_43)
FNDA:1,(anonymous_44)
FNDA:3,(anonymous_46)
FNDA:3,(anonymous_47)
FNDA:2,(anonymous_49)
FNDA:2,(anonymous_50)
DA:1,5
DA:4,5
DA:5,5
DA:6,5
DA:7,5
DA:8,5
DA:9,5
DA:10,5
DA:11,5
DA:13,5
DA:14,5
DA:22,5
DA:29,12
DA:33,12
DA:34,12
DA:35,12
DA:38,12
DA:40,2
DA:41,2
DA:42,2
DA:43,2
DA:44,2
DA:45,2
DA:52,12
DA:55,2
DA:57,2
DA:59,2
DA:63,2
DA:65,0
DA:70,2
DA:71,2
DA:73,2
DA:74,2
DA:75,2
DA:76,2
DA:77,2
DA:78,2
DA:79,2
DA:80,2
DA:86,12
DA:88,3
DA:90,6
DA:92,2
DA:94,0
DA:97,2
DA:100,2
DA:104,2
DA:106,4
DA:108,2
DA:115,12
DA:119,2
DA:120,2
DA:122,2
DA:126,2
DA:128,0
DA:131,2
DA:132,2
DA:134,0
DA:137,2
DA:138,2
DA:139,2
DA:140,2
DA:141,2
DA:142,2
DA:143,2
DA:144,2
DA:149,12
DA:153,3
DA:155,2
DA:156,0
DA:159,2
DA:164,2
DA:166,2
DA:167,2
DA:169,2
DA:175,12
DA:177,1
DA:178,1
DA:179,1
DA:183,1
DA:184,2
DA:185,1
DA:191,12
DA:193,3
DA:194,2
DA:195,2
DA:196,2
DA:198,2
DA:203,12
DA:205,2
DA:206,4
DA:207,2
DA:208,2
DA:214,5
LF:94
LH:89
BRDA:42,0,0,1
BRDA:42,0,1,1
BRDA:42,1,0,2
BRDA:42,1,1,2
BRDA:80,2,0,2
BRDA:63,3,0,0
BRDA:63,3,1,2
BRDA:63,4,0,0
BRDA:63,4,1,2
BRDA:63,5,0,2
BRDA:63,5,1,2
BRDA:65,6,0,0
BRDA:65,6,1,0
BRDA:65,7,0,0
BRDA:65,7,1,0
BRDA:75,8,0,0
BRDA:75,8,1,2
BRDA:90,9,0,3
BRDA:92,10,0,0
BRDA:92,10,1,2
BRDA:99,11,0,0
BRDA:99,11,1,2
BRDA:99,12,0,2
BRDA:99,12,1,2
BRDA:144,13,0,2
BRDA:126,14,0,0
BRDA:126,14,1,2
BRDA:126,15,0,0
BRDA:126,15,1,2
BRDA:126,16,0,2
BRDA:126,16,1,2
BRDA:128,17,0,0
BRDA:128,17,1,0
BRDA:128,18,0,0
BRDA:128,18,1,0
BRDA:132,19,0,0
BRDA:132,19,1,2
BRDA:139,20,0,0
BRDA:139,20,1,2
BRDA:155,21,0,0
BRDA:155,21,1,2
BRDA:160,22,0,0
BRDA:160,22,1,2
BRDA:160,23,0,2
BRDA:160,23,1,2
BRDA:178,24,0,0
BRDA:178,24,1,1
BRDA:178,25,0,0
BRDA:178,25,1,1
BRDA:178,26,0,1
BRDA:178,26,1,1
BRDA:178,27,0,0
BRDA:178,27,1,0
BRDA:178,28,0,0
BRDA:178,28,1,0
BRDA:193,29,0,3
BRDA:194,30,0,0
BRDA:194,30,1,2
BRDA:194,31,0,2
BRDA:194,31,1,2
BRDA:196,32,0,2
BRDA:196,32,1,0
BRF:62
BRH:35
end_of_record
TN:
SF:src/database/databaseConnection.ts
FN:4,(anonymous_13)
FNF:1
FNH:1
FNDA:4,(anonymous_13)
DA:1,2
DA:4,4
DA:6,2
LF:3
LH:3
BRDA:6,0,0,2
BRDA:6,0,1,2
BRF:2
BRH:2
end_of_record
TN:
SF:src/database/entities/GalleryEntity.ts
FN:12,(anonymous_2)
FN:17,(anonymous_4)
FN:27,(anonymous_5)
FN:30,(anonymous_6)
FNF:4
FNH:4
FNDA:15,(anonymous_2)
FNDA:4,(anonymous_4)
FNDA:8,(anonymous_5)
FNDA:8,(anonymous_6)
DA:1,6
DA:9,6
DA:12,6
DA:15,6
DA:17,4
DA:19,6
DA:22,6
DA:25,6
DA:27,8
DA:28,6
DA:30,8
DA:31,6
DA:35,6
LF:13
LH:13
BRF:0
BRH:0
end_of_record
TN:
SF:src/database/entities/UserEntity.ts
FN:9,(anonymous_2)
FN:23,(anonymous_4)
FN:26,(anonymous_5)
FNF:3
FNH:3
FNDA:15,(anonymous_2)
FNDA:8,(anonymous_4)
FNDA:8,(anonymous_5)
DA:1,9
DA:9,9
DA:12,9
DA:15,9
DA:18,9
DA:21,9
DA:23,8
DA:24,9
DA:26,8
DA:27,9
DA:29,9
LF:11
LH:11
BRF:0
BRH:0
end_of_record
TN:
SF:src/helpers/CustomResponseHelper.ts
FN:3,(anonymous_0)
FN:8,(anonymous_2)
FNF:2
FNH:2
FNDA:28,(anonymous_0)
FNDA:9,(anonymous_2)
DA:3,10
DA:8,10
DA:12,9
DA:20,10
LF:4
LH:4
BRF:0
BRH:0
end_of_record
TN:
SF:src/helpers/PaginationHelper.ts
FN:2,(anonymous_0)
FN:17,(anonymous_1)
FNF:2
FNH:2
FNDA:3,(anonymous_0)
FNDA:3,(anonymous_1)
DA:2,7
DA:4,3
DA:6,3
DA:8,3
DA:11,3
DA:17,7
DA:20,3
DA:21,3
DA:22,3
DA:24,3
DA:33,3
LF:11
LH:11
BRDA:6,0,0,3
BRDA:6,0,1,0
BRDA:21,1,0,0
BRDA:21,1,1,3
BRDA:21,2,0,3
BRDA:21,2,1,3
BRDA:22,3,0,1
BRDA:22,3,1,2
BRDA:22,4,0,3
BRDA:22,4,1,3
BRF:10
BRH:8
end_of_record
TN:
SF:src/helpers/generateJwt.ts
FN:4,(anonymous_6)
FNF:1
FNH:1
FNDA:5,(anonymous_6)
DA:2,5
DA:4,5
DA:6,5
DA:7,5
DA:8,5
DA:9,5
LF:6
LH:6
BRF:0
BRH:0
end_of_record
TN:
SF:src/middleware/CustomErrorException/ValidationExceptionHandler.ts
FN:3,(anonymous_0)
FN:10,ValidationException
FNF:2
FNH:1
FNDA:2,(anonymous_0)
FNDA:0,ValidationException
DA:3,2
DA:13,0
DA:14,0
DA:15,0
DA:16,0
DA:20,2
LF:6
LH:2
BRF:0
BRH:0
end_of_record
TN:
SF:src/middleware/jwt/checkjwt.ts
FN:7,(anonymous_7)
FNF:1
FNH:1
FNDA:5,(anonymous_7)
DA:2,4
DA:3,4
DA:5,4
DA:7,4
DA:10,5
DA:11,5
DA:12,5
DA:14,0
DA:17,5
DA:18,5
DA:19,5
DA:20,5
DA:21,5
DA:25,5
DA:26,5
DA:27,4
DA:30,1
DA:34,12
DA:35,4
DA:38,4
DA:40,4
LF:21
LH:20
BRDA:12,0,0,0
BRDA:12,0,1,5
BRDA:12,1,0,5
BRDA:12,1,1,5
BRDA:12,1,2,5
BRF:5
BRH:4
end_of_record
TN:
SF:src/middleware/jwt/getUserPayload.ts
FN:8,(anonymous_7)
FNF:1
FNH:1
FNDA:3,(anonymous_7)
DA:2,6
DA:3,6
DA:6,6
DA:8,6
DA:11,3
DA:12,3
DA:13,3
DA:14,3
DA:18,3
DA:19,3
DA:20,2
DA:21,2
DA:24,1
DA:26,2
LF:14
LH:14
BRF:0
BRH:0
end_of_record
TN:
SF:src/middleware/validators/CreateGalleryValidator.ts
FN:5,(anonymous_1)
FNF:1
FNH:1
FNDA:2,(anonymous_1)
DA:1,6
DA:5,6
DA:8,2
DA:10,2
DA:14,2
DA:18,2
DA:20,2
DA:22,1
DA:28,1
DA:30,0
DA:37,1
DA:40,0
DA:47,1
DA:49,1
DA:62,6
LF:15
LH:13
BRDA:15,0,0,0
BRDA:15,0,1,2
BRDA:15,1,0,2
BRDA:15,1,1,2
BRDA:20,2,0,1
BRDA:20,2,1,1
BRDA:24,3,0,0
BRDA:24,3,1,1
BRDA:24,4,0,1
BRDA:24,4,1,1
BRDA:24,5,0,0
BRDA:24,5,1,1
BRDA:24,6,0,1
BRDA:24,6,1,1
BRDA:24,7,0,0
BRDA:24,7,1,1
BRDA:24,8,0,1
BRDA:24,8,1,1
BRDA:28,9,0,0
BRDA:28,9,1,1
BRDA:37,10,0,0
BRDA:37,10,1,1
BRF:22
BRH:16
end_of_record
TN:
SF:src/middleware/validators/LoginUserValidator.ts
FN:11,(anonymous_1)
FNF:1
FNH:1
FNDA:2,(anonymous_1)
DA:2,6
DA:11,6
DA:13,2
DA:18,2
DA:23,2
DA:25,2
DA:27,1
DA:33,1
DA:45,6
LF:9
LH:9
BRDA:19,0,0,0
BRDA:19,0,1,2
BRDA:19,1,0,2
BRDA:19,1,1,2
BRDA:20,2,0,0
BRDA:20,2,1,2
BRDA:20,3,0,2
BRDA:20,3,1,2
BRDA:25,4,0,1
BRDA:25,4,1,1
BRDA:29,5,0,0
BRDA:29,5,1,1
BRDA:29,6,0,1
BRDA:29,6,1,1
BRDA:29,7,0,0
BRDA:29,7,1,1
BRDA:29,8,0,1
BRDA:29,8,1,1
BRDA:29,9,0,0
BRDA:29,9,1,1
BRDA:29,10,0,1
BRDA:29,10,1,1
BRF:22
BRH:17
end_of_record
TN:
SF:src/middleware/validators/RegisterUserValidator.ts
FN:11,(anonymous_1)
FNF:1
FNH:1
FNDA:2,(anonymous_1)
DA:2,6
DA:11,6
DA:13,2
DA:19,2
DA:25,2
DA:27,2
DA:29,1
DA:35,1
DA:51,6
LF:9
LH:9
BRDA:20,0,0,0
BRDA:20,0,1,2
BRDA:20,1,0,2
BRDA:20,1,1,2
BRDA:21,2,0,0
BRDA:21,2,1,2
BRDA:21,3,0,2
BRDA:21,3,1,2
BRDA:22,4,0,0
BRDA:22,4,1,2
BRDA:22,5,0,2
BRDA:22,5,1,2
BRDA:27,6,0,1
BRDA:27,6,1,1
BRDA:31,7,0,0
BRDA:31,7,1,1
BRDA:31,8,0,1
BRDA:31,8,1,1
BRDA:31,9,0,0
BRDA:31,9,1,1
BRDA:31,10,0,1
BRDA:31,10,1,1
BRDA:31,11,0,0
BRDA:31,11,1,1
BRDA:31,12,0,1
BRDA:31,12,1,1
BRF:26
BRH:20
end_of_record
TN:
SF:src/middleware/validators/UpdateGalleryValidator.ts
FN:8,(anonymous_1)
FNF:1
FNH:1
FNDA:2,(anonymous_1)
DA:1,6
DA:8,6
DA:11,2
DA:13,2
DA:18,2
DA:22,2
DA:24,2
DA:26,1
DA:32,1
DA:34,0
DA:39,1
DA:41,0
DA:47,1
DA:58,6
LF:14
LH:12
BRDA:19,0,0,0
BRDA:19,0,1,2
BRDA:19,1,0,2
BRDA:19,1,1,2
BRDA:24,2,0,1
BRDA:24,2,1,1
BRDA:28,3,0,0
BRDA:28,3,1,1
BRDA:28,4,0,1
BRDA:28,4,1,1
BRDA:28,5,0,0
BRDA:28,5,1,1
BRDA:28,6,0,1
BRDA:28,6,1,1
BRDA:28,7,0,0
BRDA:28,7,1,1
BRDA:28,8,0,1
BRDA:28,8,1,1
BRDA:32,9,0,0
BRDA:32,9,1,1
BRDA:39,10,0,0
BRDA:39,10,1,1
BRF:22
BRH:16
end_of_record
TN:
SF:src/routes/auth.ts
FNF:0
FNH:0
DA:1,4
DA:2,4
DA:3,4
DA:4,4
DA:6,4
DA:9,4
DA:11,4
DA:12,4
DA:15,4
LF:9
LH:9
BRF:0
BRH:0
end_of_record
TN:
SF:src/routes/index.ts
FNF:0
FNH:0
DA:1,3
DA:2,3
DA:3,3
DA:4,3
DA:6,3
DA:8,3
DA:9,3
DA:11,3
LF:8
LH:8
BRF:0
BRH:0
end_of_record
TN:
SF:src/routes/user.ts
FNF:0
FNH:0
DA:1,4
DA:2,4
DA:3,4
DA:4,4
DA:8,4
DA:10,4
DA:13,4
DA:14,4
DA:15,4
DA:16,4
DA:18,4
LF:11
LH:11
BRF:0
BRH:0
end_of_record
TN:
SF:src/services/GalleryService.ts
FN:10,(anonymous_13)
FN:15,(anonymous_15)
FN:35,(anonymous_18)
FN:49,(anonymous_21)
FN:55,(anonymous_24)
FN:60,(anonymous_27)
FN:66,(anonymous_30)
FNF:7
FNH:7
FNDA:15,(anonymous_13)
FNDA:2,(anonymous_15)
FNDA:2,(anonymous_18)
FNDA:2,(anonymous_21)
FNDA:2,(anonymous_24)
FNDA:2,(anonymous_27)
FNDA:3,(anonymous_30)
DA:1,6
DA:2,6
DA:3,6
DA:10,6
DA:15,6
DA:17,2
DA:19,2
DA:31,2
DA:35,6
DA:37,2
DA:44,2
DA:49,6
DA:51,2
DA:55,6
DA:57,2
DA:60,6
DA:62,2
DA:66,6
DA:68,3
DA:77,6
LF:20
LH:20
BRDA:31,0,0,2
BRDA:37,1,0,2
BRDA:51,2,0,2
BRDA:51,2,1,2
BRDA:57,3,0,2
BRDA:57,3,1,2
BRDA:62,4,0,2
BRDA:62,4,1,2
BRF:8
BRH:8
end_of_record
TN:
SF:src/services/UserService.ts
FN:10,(anonymous_13)
FN:21,(anonymous_15)
FN:21,(anonymous_16)
FN:15,(anonymous_18)
FN:30,(anonymous_21)
FN:40,(anonymous_24)
FNF:6
FNH:6
FNDA:20,(anonymous_13)
FNDA:2,(anonymous_15)
FNDA:2,(anonymous_16)
FNDA:2,(anonymous_18)
FNDA:2,(anonymous_21)
FNDA:2,(anonymous_24)
DA:1,8
DA:2,8
DA:10,20
DA:15,8
DA:17,2
DA:18,2
DA:21,12
DA:22,2
DA:30,8
DA:32,2
DA:40,8
DA:42,2
DA:48,2
DA:53,8
LF:14
LH:14
BRDA:17,0,0,2
BRDA:42,1,0,2
BRF:2
BRH:2
end_of_record
